{"C:\\Users\\loco8\\workspace\\eurofirms-bootcamp-202305\\staff\\manuel-david-castillo\\instaflan-fullstack\\api\\logic\\chats-logic\\createChat.spec.js":{"path":"C:\\Users\\loco8\\workspace\\eurofirms-bootcamp-202305\\staff\\manuel-david-castillo\\instaflan-fullstack\\api\\logic\\chats-logic\\createChat.spec.js","statementMap":{"0":{"start":{"line":1,"column":0},"end":{"line":1,"column":26}},"1":{"start":{"line":3,"column":19},"end":{"line":3,"column":42}},"2":{"start":{"line":4,"column":17},"end":{"line":4,"column":36}},"3":{"start":{"line":6,"column":24},"end":{"line":6,"column":35}},"4":{"start":{"line":8,"column":17},"end":{"line":8,"column":45}},"5":{"start":{"line":9,"column":19},"end":{"line":9,"column":34}},"6":{"start":{"line":11,"column":0},"end":{"line":53,"column":2}},"7":{"start":{"line":12,"column":4},"end":{"line":12,"column":67}},"8":{"start":{"line":12,"column":17},"end":{"line":12,"column":66}},"9":{"start":{"line":24,"column":4},"end":{"line":39,"column":6}},"10":{"start":{"line":25,"column":8},"end":{"line":25,"column":38}},"11":{"start":{"line":26,"column":8},"end":{"line":26,"column":49}},"12":{"start":{"line":27,"column":8},"end":{"line":27,"column":42}},"13":{"start":{"line":29,"column":8},"end":{"line":29,"column":39}},"14":{"start":{"line":30,"column":8},"end":{"line":30,"column":50}},"15":{"start":{"line":31,"column":8},"end":{"line":31,"column":43}},"16":{"start":{"line":33,"column":8},"end":{"line":38,"column":14}},"17":{"start":{"line":36,"column":16},"end":{"line":36,"column":32}},"18":{"start":{"line":37,"column":16},"end":{"line":37,"column":34}},"19":{"start":{"line":41,"column":4},"end":{"line":44,"column":5}},"20":{"start":{"line":42,"column":8},"end":{"line":43,"column":52}},"21":{"start":{"line":43,"column":28},"end":{"line":43,"column":51}},"22":{"start":{"line":46,"column":4},"end":{"line":50,"column":5}},"23":{"start":{"line":47,"column":8},"end":{"line":49,"column":52}},"24":{"start":{"line":48,"column":24},"end":{"line":48,"column":51}},"25":{"start":{"line":49,"column":28},"end":{"line":49,"column":51}},"26":{"start":{"line":52,"column":4},"end":{"line":52,"column":38}},"27":{"start":{"line":52,"column":16},"end":{"line":52,"column":37}}},"fnMap":{"0":{"name":"(anonymous_0)","decl":{"start":{"line":11,"column":23},"end":{"line":11,"column":24}},"loc":{"start":{"line":11,"column":29},"end":{"line":53,"column":1}},"line":11},"1":{"name":"(anonymous_1)","decl":{"start":{"line":12,"column":11},"end":{"line":12,"column":12}},"loc":{"start":{"line":12,"column":17},"end":{"line":12,"column":66}},"line":12},"2":{"name":"(anonymous_2)","decl":{"start":{"line":24,"column":15},"end":{"line":24,"column":16}},"loc":{"start":{"line":24,"column":21},"end":{"line":39,"column":5}},"line":24},"3":{"name":"(anonymous_3)","decl":{"start":{"line":35,"column":18},"end":{"line":35,"column":19}},"loc":{"start":{"line":35,"column":37},"end":{"line":38,"column":13}},"line":35},"4":{"name":"(anonymous_4)","decl":{"start":{"line":41,"column":31},"end":{"line":41,"column":32}},"loc":{"start":{"line":42,"column":8},"end":{"line":43,"column":52}},"line":42},"5":{"name":"(anonymous_5)","decl":{"start":{"line":43,"column":18},"end":{"line":43,"column":19}},"loc":{"start":{"line":43,"column":28},"end":{"line":43,"column":51}},"line":43},"6":{"name":"(anonymous_6)","decl":{"start":{"line":46,"column":38},"end":{"line":46,"column":39}},"loc":{"start":{"line":47,"column":8},"end":{"line":49,"column":52}},"line":47},"7":{"name":"(anonymous_7)","decl":{"start":{"line":48,"column":18},"end":{"line":48,"column":19}},"loc":{"start":{"line":48,"column":24},"end":{"line":48,"column":51}},"line":48},"8":{"name":"(anonymous_8)","decl":{"start":{"line":49,"column":18},"end":{"line":49,"column":19}},"loc":{"start":{"line":49,"column":28},"end":{"line":49,"column":51}},"line":49},"9":{"name":"(anonymous_9)","decl":{"start":{"line":52,"column":10},"end":{"line":52,"column":11}},"loc":{"start":{"line":52,"column":16},"end":{"line":52,"column":37}},"line":52}},"branchMap":{},"s":{"0":1,"1":1,"2":1,"3":1,"4":1,"5":1,"6":1,"7":1,"8":1,"9":1,"10":2,"11":2,"12":2,"13":2,"14":2,"15":2,"16":2,"17":2,"18":2,"19":1,"20":1,"21":1,"22":1,"23":1,"24":1,"25":1,"26":1,"27":1},"f":{"0":1,"1":1,"2":2,"3":2,"4":1,"5":1,"6":1,"7":1,"8":1,"9":1},"b":{},"_coverageSchema":"1a1c01bbd47fc00a2c39e90264f33305004495a9","hash":"aa0f8c9195a6eecbc0e5739ff9d0025918aad313","contentHash":"44d9f305dcc6c80d1dce4312c8b557bd9b039e412be1428dac185ccee6e0746e"},"C:\\Users\\loco8\\workspace\\eurofirms-bootcamp-202305\\staff\\manuel-david-castillo\\instaflan-fullstack\\api\\logic\\chats-logic\\createChat.js":{"path":"C:\\Users\\loco8\\workspace\\eurofirms-bootcamp-202305\\staff\\manuel-david-castillo\\instaflan-fullstack\\api\\logic\\chats-logic\\createChat.js","statementMap":{"0":{"start":{"line":1,"column":17},"end":{"line":1,"column":45}},"1":{"start":{"line":2,"column":23},"end":{"line":2,"column":55}},"2":{"start":{"line":3,"column":21},"end":{"line":3,"column":39}},"3":{"start":{"line":6,"column":4},"end":{"line":6,"column":22}},"4":{"start":{"line":7,"column":4},"end":{"line":7,"column":22}},"5":{"start":{"line":9,"column":18},"end":{"line":9,"column":65}},"6":{"start":{"line":11,"column":4},"end":{"line":28,"column":6}},"7":{"start":{"line":14,"column":12},"end":{"line":27,"column":9}},"8":{"start":{"line":16,"column":16},"end":{"line":16,"column":30}},"9":{"start":{"line":18,"column":29},"end":{"line":18,"column":39}},"10":{"start":{"line":20,"column":33},"end":{"line":20,"column":35}},"11":{"start":{"line":22,"column":16},"end":{"line":26,"column":18}},"12":{"start":{"line":25,"column":20},"end":{"line":25,"column":34}},"13":{"start":{"line":31,"column":0},"end":{"line":31,"column":27}}},"fnMap":{"0":{"name":"createChat","decl":{"start":{"line":5,"column":9},"end":{"line":5,"column":19}},"loc":{"start":{"line":5,"column":39},"end":{"line":29,"column":1}},"line":5},"1":{"name":"(anonymous_1)","decl":{"start":{"line":12,"column":14},"end":{"line":12,"column":15}},"loc":{"start":{"line":12,"column":22},"end":{"line":28,"column":5}},"line":12},"2":{"name":"(anonymous_2)","decl":{"start":{"line":23,"column":22},"end":{"line":23,"column":23}},"loc":{"start":{"line":23,"column":30},"end":{"line":26,"column":17}},"line":23}},"branchMap":{"0":{"loc":{"start":{"line":14,"column":12},"end":{"line":27,"column":9}},"type":"if","locations":[{"start":{"line":14,"column":12},"end":{"line":27,"column":9}},{"start":{"line":14,"column":12},"end":{"line":27,"column":9}}],"line":14}},"s":{"0":1,"1":1,"2":1,"3":3,"4":3,"5":3,"6":3,"7":3,"8":1,"9":2,"10":2,"11":2,"12":2,"13":1},"f":{"0":3,"1":3,"2":2},"b":{"0":[1,2]},"_coverageSchema":"1a1c01bbd47fc00a2c39e90264f33305004495a9","hash":"ea3ff0057aa1c4d040f1ed0728febb71e62d74b1","contentHash":"341a73acea36fbbd71a51b3e11e881ebadb7ea8f5df07a4c1c9a2c3d2e67e57f"},"C:\\Users\\loco8\\workspace\\eurofirms-bootcamp-202305\\staff\\manuel-david-castillo\\instaflan-fullstack\\api\\data\\models.js":{"path":"C:\\Users\\loco8\\workspace\\eurofirms-bootcamp-202305\\staff\\manuel-david-castillo\\instaflan-fullstack\\api\\data\\models.js","statementMap":{"0":{"start":{"line":1,"column":36},"end":{"line":1,"column":55}},"1":{"start":{"line":3,"column":21},"end":{"line":22,"column":2}},"2":{"start":{"line":24,"column":13},"end":{"line":71,"column":2}},"3":{"start":{"line":73,"column":16},"end":{"line":87,"column":2}},"4":{"start":{"line":89,"column":13},"end":{"line":112,"column":2}},"5":{"start":{"line":114,"column":16},"end":{"line":136,"column":2}},"6":{"start":{"line":138,"column":13},"end":{"line":156,"column":2}},"7":{"start":{"line":159,"column":13},"end":{"line":159,"column":32}},"8":{"start":{"line":160,"column":13},"end":{"line":160,"column":32}},"9":{"start":{"line":161,"column":13},"end":{"line":161,"column":32}},"10":{"start":{"line":164,"column":0},"end":{"line":164,"column":37}}},"fnMap":{},"branchMap":{},"s":{"0":1,"1":1,"2":1,"3":1,"4":1,"5":1,"6":1,"7":1,"8":1,"9":1,"10":1},"f":{},"b":{},"_coverageSchema":"1a1c01bbd47fc00a2c39e90264f33305004495a9","hash":"1d7ad3cc27888c559d9b7ac3ad0694c67aed4630","contentHash":"125180b79a58db45ba3b3b05a2e5dfda4e79e7befd8f8db79712cf2026071b44"},"C:\\Users\\loco8\\workspace\\eurofirms-bootcamp-202305\\staff\\manuel-david-castillo\\instaflan-fullstack\\api\\logic\\helpers\\validators.js":{"path":"C:\\Users\\loco8\\workspace\\eurofirms-bootcamp-202305\\staff\\manuel-david-castillo\\instaflan-fullstack\\api\\logic\\helpers\\validators.js","statementMap":{"0":{"start":{"line":2,"column":4},"end":{"line":2,"column":75}},"1":{"start":{"line":2,"column":35},"end":{"line":2,"column":75}},"2":{"start":{"line":3,"column":4},"end":{"line":3,"column":55}},"3":{"start":{"line":3,"column":22},"end":{"line":3,"column":55}},"4":{"start":{"line":5,"column":22},"end":{"line":5,"column":40}},"5":{"start":{"line":6,"column":4},"end":{"line":6,"column":53}},"6":{"start":{"line":6,"column":23},"end":{"line":6,"column":53}},"7":{"start":{"line":7,"column":4},"end":{"line":7,"column":66}},"8":{"start":{"line":7,"column":25},"end":{"line":7,"column":66}},"9":{"start":{"line":8,"column":4},"end":{"line":8,"column":75}},"10":{"start":{"line":8,"column":40},"end":{"line":8,"column":75}},"11":{"start":{"line":10,"column":23},"end":{"line":10,"column":52}},"12":{"start":{"line":11,"column":28},"end":{"line":11,"column":46}},"13":{"start":{"line":12,"column":4},"end":{"line":12,"column":74}},"14":{"start":{"line":12,"column":31},"end":{"line":12,"column":74}},"15":{"start":{"line":13,"column":4},"end":{"line":13,"column":56}},"16":{"start":{"line":13,"column":24},"end":{"line":13,"column":56}},"17":{"start":{"line":14,"column":4},"end":{"line":14,"column":78}},"18":{"start":{"line":14,"column":41},"end":{"line":14,"column":78}},"19":{"start":{"line":15,"column":4},"end":{"line":15,"column":108}},"20":{"start":{"line":15,"column":43},"end":{"line":15,"column":108}},"21":{"start":{"line":17,"column":4},"end":{"line":17,"column":87}},"22":{"start":{"line":17,"column":38},"end":{"line":17,"column":87}},"23":{"start":{"line":19,"column":23},"end":{"line":19,"column":65}},"24":{"start":{"line":20,"column":24},"end":{"line":20,"column":53}},"25":{"start":{"line":22,"column":4},"end":{"line":24,"column":5}},"26":{"start":{"line":22,"column":17},"end":{"line":22,"column":18}},"27":{"start":{"line":23,"column":8},"end":{"line":23,"column":94}},"28":{"start":{"line":23,"column":44},"end":{"line":23,"column":94}},"29":{"start":{"line":26,"column":4},"end":{"line":28,"column":5}},"30":{"start":{"line":26,"column":17},"end":{"line":26,"column":30}},"31":{"start":{"line":27,"column":8},"end":{"line":27,"column":94}},"32":{"start":{"line":27,"column":44},"end":{"line":27,"column":94}},"33":{"start":{"line":30,"column":4},"end":{"line":32,"column":5}},"34":{"start":{"line":30,"column":17},"end":{"line":30,"column":31}},"35":{"start":{"line":31,"column":8},"end":{"line":31,"column":95}},"36":{"start":{"line":31,"column":45},"end":{"line":31,"column":95}},"37":{"start":{"line":36,"column":4},"end":{"line":36,"column":81}},"38":{"start":{"line":36,"column":38},"end":{"line":36,"column":81}},"39":{"start":{"line":37,"column":4},"end":{"line":37,"column":61}},"40":{"start":{"line":37,"column":25},"end":{"line":37,"column":61}},"41":{"start":{"line":39,"column":4},"end":{"line":39,"column":87}},"42":{"start":{"line":39,"column":29},"end":{"line":39,"column":87}},"43":{"start":{"line":43,"column":4},"end":{"line":43,"column":73}},"44":{"start":{"line":43,"column":34},"end":{"line":43,"column":73}},"45":{"start":{"line":44,"column":4},"end":{"line":44,"column":53}},"46":{"start":{"line":44,"column":21},"end":{"line":44,"column":53}},"47":{"start":{"line":48,"column":4},"end":{"line":48,"column":73}},"48":{"start":{"line":48,"column":34},"end":{"line":48,"column":73}},"49":{"start":{"line":49,"column":4},"end":{"line":49,"column":53}},"50":{"start":{"line":49,"column":21},"end":{"line":49,"column":53}},"51":{"start":{"line":53,"column":4},"end":{"line":53,"column":69}},"52":{"start":{"line":53,"column":32},"end":{"line":53,"column":69}},"53":{"start":{"line":54,"column":4},"end":{"line":54,"column":49}},"54":{"start":{"line":54,"column":19},"end":{"line":54,"column":49}},"55":{"start":{"line":58,"column":4},"end":{"line":58,"column":75}},"56":{"start":{"line":58,"column":35},"end":{"line":58,"column":75}},"57":{"start":{"line":59,"column":4},"end":{"line":59,"column":55}},"58":{"start":{"line":59,"column":22},"end":{"line":59,"column":55}},"59":{"start":{"line":61,"column":4},"end":{"line":61,"column":79}},"60":{"start":{"line":61,"column":35},"end":{"line":61,"column":79}},"61":{"start":{"line":65,"column":0},"end":{"line":72,"column":1}}},"fnMap":{"0":{"name":"validateEmail","decl":{"start":{"line":1,"column":9},"end":{"line":1,"column":22}},"loc":{"start":{"line":1,"column":30},"end":{"line":33,"column":1}},"line":1},"1":{"name":"validatePassword","decl":{"start":{"line":35,"column":9},"end":{"line":35,"column":25}},"loc":{"start":{"line":35,"column":36},"end":{"line":40,"column":1}},"line":35},"2":{"name":"validateName","decl":{"start":{"line":42,"column":9},"end":{"line":42,"column":21}},"loc":{"start":{"line":42,"column":28},"end":{"line":45,"column":1}},"line":42},"3":{"name":"validateText","decl":{"start":{"line":47,"column":9},"end":{"line":47,"column":21}},"loc":{"start":{"line":47,"column":28},"end":{"line":50,"column":1}},"line":47},"4":{"name":"validateId","decl":{"start":{"line":52,"column":9},"end":{"line":52,"column":19}},"loc":{"start":{"line":52,"column":24},"end":{"line":55,"column":1}},"line":52},"5":{"name":"validateImage","decl":{"start":{"line":57,"column":9},"end":{"line":57,"column":22}},"loc":{"start":{"line":57,"column":30},"end":{"line":62,"column":1}},"line":57}},"branchMap":{"0":{"loc":{"start":{"line":2,"column":4},"end":{"line":2,"column":75}},"type":"if","locations":[{"start":{"line":2,"column":4},"end":{"line":2,"column":75}},{"start":{"line":2,"column":4},"end":{"line":2,"column":75}}],"line":2},"1":{"loc":{"start":{"line":3,"column":4},"end":{"line":3,"column":55}},"type":"if","locations":[{"start":{"line":3,"column":4},"end":{"line":3,"column":55}},{"start":{"line":3,"column":4},"end":{"line":3,"column":55}}],"line":3},"2":{"loc":{"start":{"line":6,"column":4},"end":{"line":6,"column":53}},"type":"if","locations":[{"start":{"line":6,"column":4},"end":{"line":6,"column":53}},{"start":{"line":6,"column":4},"end":{"line":6,"column":53}}],"line":6},"3":{"loc":{"start":{"line":7,"column":4},"end":{"line":7,"column":66}},"type":"if","locations":[{"start":{"line":7,"column":4},"end":{"line":7,"column":66}},{"start":{"line":7,"column":4},"end":{"line":7,"column":66}}],"line":7},"4":{"loc":{"start":{"line":8,"column":4},"end":{"line":8,"column":75}},"type":"if","locations":[{"start":{"line":8,"column":4},"end":{"line":8,"column":75}},{"start":{"line":8,"column":4},"end":{"line":8,"column":75}}],"line":8},"5":{"loc":{"start":{"line":12,"column":4},"end":{"line":12,"column":74}},"type":"if","locations":[{"start":{"line":12,"column":4},"end":{"line":12,"column":74}},{"start":{"line":12,"column":4},"end":{"line":12,"column":74}}],"line":12},"6":{"loc":{"start":{"line":13,"column":4},"end":{"line":13,"column":56}},"type":"if","locations":[{"start":{"line":13,"column":4},"end":{"line":13,"column":56}},{"start":{"line":13,"column":4},"end":{"line":13,"column":56}}],"line":13},"7":{"loc":{"start":{"line":14,"column":4},"end":{"line":14,"column":78}},"type":"if","locations":[{"start":{"line":14,"column":4},"end":{"line":14,"column":78}},{"start":{"line":14,"column":4},"end":{"line":14,"column":78}}],"line":14},"8":{"loc":{"start":{"line":15,"column":4},"end":{"line":15,"column":108}},"type":"if","locations":[{"start":{"line":15,"column":4},"end":{"line":15,"column":108}},{"start":{"line":15,"column":4},"end":{"line":15,"column":108}}],"line":15},"9":{"loc":{"start":{"line":17,"column":4},"end":{"line":17,"column":87}},"type":"if","locations":[{"start":{"line":17,"column":4},"end":{"line":17,"column":87}},{"start":{"line":17,"column":4},"end":{"line":17,"column":87}}],"line":17},"10":{"loc":{"start":{"line":23,"column":8},"end":{"line":23,"column":94}},"type":"if","locations":[{"start":{"line":23,"column":8},"end":{"line":23,"column":94}},{"start":{"line":23,"column":8},"end":{"line":23,"column":94}}],"line":23},"11":{"loc":{"start":{"line":27,"column":8},"end":{"line":27,"column":94}},"type":"if","locations":[{"start":{"line":27,"column":8},"end":{"line":27,"column":94}},{"start":{"line":27,"column":8},"end":{"line":27,"column":94}}],"line":27},"12":{"loc":{"start":{"line":31,"column":8},"end":{"line":31,"column":95}},"type":"if","locations":[{"start":{"line":31,"column":8},"end":{"line":31,"column":95}},{"start":{"line":31,"column":8},"end":{"line":31,"column":95}}],"line":31},"13":{"loc":{"start":{"line":36,"column":4},"end":{"line":36,"column":81}},"type":"if","locations":[{"start":{"line":36,"column":4},"end":{"line":36,"column":81}},{"start":{"line":36,"column":4},"end":{"line":36,"column":81}}],"line":36},"14":{"loc":{"start":{"line":37,"column":4},"end":{"line":37,"column":61}},"type":"if","locations":[{"start":{"line":37,"column":4},"end":{"line":37,"column":61}},{"start":{"line":37,"column":4},"end":{"line":37,"column":61}}],"line":37},"15":{"loc":{"start":{"line":39,"column":4},"end":{"line":39,"column":87}},"type":"if","locations":[{"start":{"line":39,"column":4},"end":{"line":39,"column":87}},{"start":{"line":39,"column":4},"end":{"line":39,"column":87}}],"line":39},"16":{"loc":{"start":{"line":43,"column":4},"end":{"line":43,"column":73}},"type":"if","locations":[{"start":{"line":43,"column":4},"end":{"line":43,"column":73}},{"start":{"line":43,"column":4},"end":{"line":43,"column":73}}],"line":43},"17":{"loc":{"start":{"line":44,"column":4},"end":{"line":44,"column":53}},"type":"if","locations":[{"start":{"line":44,"column":4},"end":{"line":44,"column":53}},{"start":{"line":44,"column":4},"end":{"line":44,"column":53}}],"line":44},"18":{"loc":{"start":{"line":48,"column":4},"end":{"line":48,"column":73}},"type":"if","locations":[{"start":{"line":48,"column":4},"end":{"line":48,"column":73}},{"start":{"line":48,"column":4},"end":{"line":48,"column":73}}],"line":48},"19":{"loc":{"start":{"line":49,"column":4},"end":{"line":49,"column":53}},"type":"if","locations":[{"start":{"line":49,"column":4},"end":{"line":49,"column":53}},{"start":{"line":49,"column":4},"end":{"line":49,"column":53}}],"line":49},"20":{"loc":{"start":{"line":53,"column":4},"end":{"line":53,"column":69}},"type":"if","locations":[{"start":{"line":53,"column":4},"end":{"line":53,"column":69}},{"start":{"line":53,"column":4},"end":{"line":53,"column":69}}],"line":53},"21":{"loc":{"start":{"line":54,"column":4},"end":{"line":54,"column":49}},"type":"if","locations":[{"start":{"line":54,"column":4},"end":{"line":54,"column":49}},{"start":{"line":54,"column":4},"end":{"line":54,"column":49}}],"line":54},"22":{"loc":{"start":{"line":58,"column":4},"end":{"line":58,"column":75}},"type":"if","locations":[{"start":{"line":58,"column":4},"end":{"line":58,"column":75}},{"start":{"line":58,"column":4},"end":{"line":58,"column":75}}],"line":58},"23":{"loc":{"start":{"line":59,"column":4},"end":{"line":59,"column":55}},"type":"if","locations":[{"start":{"line":59,"column":4},"end":{"line":59,"column":55}},{"start":{"line":59,"column":4},"end":{"line":59,"column":55}}],"line":59},"24":{"loc":{"start":{"line":61,"column":4},"end":{"line":61,"column":79}},"type":"if","locations":[{"start":{"line":61,"column":4},"end":{"line":61,"column":79}},{"start":{"line":61,"column":4},"end":{"line":61,"column":79}}],"line":61}},"s":{"0":23,"1":2,"2":21,"3":1,"4":20,"5":20,"6":1,"7":19,"8":1,"9":18,"10":1,"11":17,"12":17,"13":17,"14":1,"15":16,"16":1,"17":15,"18":1,"19":14,"20":1,"21":13,"22":1,"23":12,"24":12,"25":12,"26":12,"27":220,"28":1,"29":11,"30":11,"31":54,"32":1,"33":10,"34":10,"35":29,"36":1,"37":9,"38":1,"39":8,"40":1,"41":7,"42":1,"43":13,"44":1,"45":12,"46":1,"47":22,"48":1,"49":21,"50":1,"51":152,"52":1,"53":151,"54":1,"55":13,"56":1,"57":12,"58":1,"59":11,"60":1,"61":1},"f":{"0":23,"1":9,"2":13,"3":22,"4":152,"5":13},"b":{"0":[2,21],"1":[1,20],"2":[1,19],"3":[1,18],"4":[1,17],"5":[1,16],"6":[1,15],"7":[1,14],"8":[1,13],"9":[1,12],"10":[1,219],"11":[1,53],"12":[1,28],"13":[1,8],"14":[1,7],"15":[1,6],"16":[1,12],"17":[1,11],"18":[1,21],"19":[1,20],"20":[1,151],"21":[1,150],"22":[1,12],"23":[1,11],"24":[1,10]},"_coverageSchema":"1a1c01bbd47fc00a2c39e90264f33305004495a9","hash":"48375e602468947c93bfd20cb4e982da47eb6416","contentHash":"a1a8c036ce050f7e07fe7bcc711bfd17324b577a4ee80afe3dbcd19805f7800e"},"C:\\Users\\loco8\\workspace\\eurofirms-bootcamp-202305\\staff\\manuel-david-castillo\\instaflan-fullstack\\api\\logic\\chats-logic\\deleteMessage.spec.js":{"path":"C:\\Users\\loco8\\workspace\\eurofirms-bootcamp-202305\\staff\\manuel-david-castillo\\instaflan-fullstack\\api\\logic\\chats-logic\\deleteMessage.spec.js","statementMap":{"0":{"start":{"line":1,"column":0},"end":{"line":1,"column":8}},"1":{"start":{"line":2,"column":0},"end":{"line":2,"column":26}},"2":{"start":{"line":4,"column":22},"end":{"line":4,"column":48}},"3":{"start":{"line":5,"column":17},"end":{"line":5,"column":36}},"4":{"start":{"line":7,"column":24},"end":{"line":7,"column":35}},"5":{"start":{"line":9,"column":17},"end":{"line":9,"column":45}},"6":{"start":{"line":10,"column":17},"end":{"line":10,"column":45}},"7":{"start":{"line":11,"column":19},"end":{"line":11,"column":34}},"8":{"start":{"line":13,"column":0},"end":{"line":117,"column":2}},"9":{"start":{"line":14,"column":4},"end":{"line":14,"column":67}},"10":{"start":{"line":14,"column":17},"end":{"line":14,"column":66}},"11":{"start":{"line":29,"column":4},"end":{"line":69,"column":6}},"12":{"start":{"line":30,"column":8},"end":{"line":30,"column":38}},"13":{"start":{"line":31,"column":8},"end":{"line":31,"column":49}},"14":{"start":{"line":32,"column":8},"end":{"line":32,"column":42}},"15":{"start":{"line":34,"column":8},"end":{"line":34,"column":39}},"16":{"start":{"line":35,"column":8},"end":{"line":35,"column":50}},"17":{"start":{"line":36,"column":8},"end":{"line":36,"column":43}},"18":{"start":{"line":38,"column":8},"end":{"line":38,"column":38}},"19":{"start":{"line":40,"column":8},"end":{"line":68,"column":14}},"20":{"start":{"line":43,"column":16},"end":{"line":43,"column":32}},"21":{"start":{"line":44,"column":16},"end":{"line":44,"column":34}},"22":{"start":{"line":46,"column":29},"end":{"line":46,"column":39}},"23":{"start":{"line":47,"column":33},"end":{"line":47,"column":35}},"24":{"start":{"line":48,"column":30},"end":{"line":48,"column":51}},"25":{"start":{"line":50,"column":32},"end":{"line":56,"column":17}},"26":{"start":{"line":58,"column":16},"end":{"line":58,"column":38}},"27":{"start":{"line":60,"column":16},"end":{"line":60,"column":61}},"28":{"start":{"line":63,"column":16},"end":{"line":63,"column":32}},"29":{"start":{"line":64,"column":16},"end":{"line":64,"column":59}},"30":{"start":{"line":67,"column":16},"end":{"line":67,"column":59}},"31":{"start":{"line":71,"column":4},"end":{"line":79,"column":5}},"32":{"start":{"line":72,"column":8},"end":{"line":78,"column":14}},"33":{"start":{"line":74,"column":16},"end":{"line":74,"column":59}},"34":{"start":{"line":77,"column":16},"end":{"line":77,"column":58}},"35":{"start":{"line":81,"column":4},"end":{"line":87,"column":5}},"36":{"start":{"line":82,"column":8},"end":{"line":86,"column":14}},"37":{"start":{"line":84,"column":16},"end":{"line":84,"column":53}},"38":{"start":{"line":85,"column":16},"end":{"line":85,"column":64}},"39":{"start":{"line":89,"column":4},"end":{"line":95,"column":5}},"40":{"start":{"line":90,"column":8},"end":{"line":94,"column":14}},"41":{"start":{"line":92,"column":16},"end":{"line":92,"column":53}},"42":{"start":{"line":93,"column":16},"end":{"line":93,"column":64}},"43":{"start":{"line":97,"column":4},"end":{"line":103,"column":5}},"44":{"start":{"line":98,"column":8},"end":{"line":102,"column":14}},"45":{"start":{"line":100,"column":16},"end":{"line":100,"column":53}},"46":{"start":{"line":101,"column":16},"end":{"line":101,"column":89}},"47":{"start":{"line":105,"column":4},"end":{"line":114,"column":5}},"48":{"start":{"line":106,"column":8},"end":{"line":113,"column":14}},"49":{"start":{"line":108,"column":16},"end":{"line":108,"column":55}},"50":{"start":{"line":111,"column":16},"end":{"line":111,"column":53}},"51":{"start":{"line":112,"column":16},"end":{"line":112,"column":73}},"52":{"start":{"line":116,"column":4},"end":{"line":116,"column":38}},"53":{"start":{"line":116,"column":16},"end":{"line":116,"column":37}}},"fnMap":{"0":{"name":"(anonymous_0)","decl":{"start":{"line":13,"column":26},"end":{"line":13,"column":27}},"loc":{"start":{"line":13,"column":32},"end":{"line":117,"column":1}},"line":13},"1":{"name":"(anonymous_1)","decl":{"start":{"line":14,"column":11},"end":{"line":14,"column":12}},"loc":{"start":{"line":14,"column":17},"end":{"line":14,"column":66}},"line":14},"2":{"name":"(anonymous_2)","decl":{"start":{"line":29,"column":15},"end":{"line":29,"column":16}},"loc":{"start":{"line":29,"column":21},"end":{"line":69,"column":5}},"line":29},"3":{"name":"(anonymous_3)","decl":{"start":{"line":42,"column":18},"end":{"line":42,"column":19}},"loc":{"start":{"line":42,"column":37},"end":{"line":61,"column":13}},"line":42},"4":{"name":"(anonymous_4)","decl":{"start":{"line":62,"column":18},"end":{"line":62,"column":19}},"loc":{"start":{"line":62,"column":26},"end":{"line":65,"column":13}},"line":62},"5":{"name":"(anonymous_5)","decl":{"start":{"line":66,"column":18},"end":{"line":66,"column":19}},"loc":{"start":{"line":66,"column":26},"end":{"line":68,"column":13}},"line":66},"6":{"name":"(anonymous_6)","decl":{"start":{"line":71,"column":33},"end":{"line":71,"column":34}},"loc":{"start":{"line":72,"column":8},"end":{"line":78,"column":14}},"line":72},"7":{"name":"(anonymous_7)","decl":{"start":{"line":73,"column":18},"end":{"line":73,"column":19}},"loc":{"start":{"line":73,"column":24},"end":{"line":75,"column":13}},"line":73},"8":{"name":"(anonymous_8)","decl":{"start":{"line":76,"column":18},"end":{"line":76,"column":19}},"loc":{"start":{"line":76,"column":26},"end":{"line":78,"column":13}},"line":76},"9":{"name":"(anonymous_9)","decl":{"start":{"line":81,"column":35},"end":{"line":81,"column":36}},"loc":{"start":{"line":82,"column":8},"end":{"line":86,"column":14}},"line":82},"10":{"name":"(anonymous_10)","decl":{"start":{"line":83,"column":19},"end":{"line":83,"column":20}},"loc":{"start":{"line":83,"column":28},"end":{"line":86,"column":13}},"line":83},"11":{"name":"(anonymous_11)","decl":{"start":{"line":89,"column":35},"end":{"line":89,"column":36}},"loc":{"start":{"line":90,"column":8},"end":{"line":94,"column":14}},"line":90},"12":{"name":"(anonymous_12)","decl":{"start":{"line":91,"column":19},"end":{"line":91,"column":20}},"loc":{"start":{"line":91,"column":28},"end":{"line":94,"column":13}},"line":91},"13":{"name":"(anonymous_13)","decl":{"start":{"line":97,"column":56},"end":{"line":97,"column":57}},"loc":{"start":{"line":98,"column":8},"end":{"line":102,"column":14}},"line":98},"14":{"name":"(anonymous_14)","decl":{"start":{"line":99,"column":19},"end":{"line":99,"column":20}},"loc":{"start":{"line":99,"column":28},"end":{"line":102,"column":13}},"line":99},"15":{"name":"(anonymous_15)","decl":{"start":{"line":105,"column":44},"end":{"line":105,"column":45}},"loc":{"start":{"line":106,"column":8},"end":{"line":113,"column":14}},"line":106},"16":{"name":"(anonymous_16)","decl":{"start":{"line":107,"column":18},"end":{"line":107,"column":19}},"loc":{"start":{"line":107,"column":24},"end":{"line":109,"column":13}},"line":107},"17":{"name":"(anonymous_17)","decl":{"start":{"line":110,"column":19},"end":{"line":110,"column":20}},"loc":{"start":{"line":110,"column":28},"end":{"line":113,"column":13}},"line":110},"18":{"name":"(anonymous_18)","decl":{"start":{"line":116,"column":10},"end":{"line":116,"column":11}},"loc":{"start":{"line":116,"column":16},"end":{"line":116,"column":37}},"line":116}},"branchMap":{},"s":{"0":1,"1":1,"2":1,"3":1,"4":1,"5":1,"6":1,"7":1,"8":1,"9":1,"10":1,"11":1,"12":5,"13":5,"14":5,"15":5,"16":5,"17":5,"18":5,"19":5,"20":5,"21":5,"22":5,"23":5,"24":5,"25":5,"26":5,"27":5,"28":5,"29":5,"30":5,"31":1,"32":1,"33":1,"34":1,"35":1,"36":1,"37":1,"38":1,"39":1,"40":1,"41":1,"42":1,"43":1,"44":1,"45":1,"46":1,"47":1,"48":1,"49":1,"50":1,"51":1,"52":1,"53":1},"f":{"0":1,"1":1,"2":5,"3":5,"4":5,"5":5,"6":1,"7":1,"8":1,"9":1,"10":1,"11":1,"12":1,"13":1,"14":1,"15":1,"16":1,"17":1,"18":1},"b":{},"_coverageSchema":"1a1c01bbd47fc00a2c39e90264f33305004495a9","hash":"7656c936dc2e3f790aa190d47ccd7e21eb85fc6f","contentHash":"1ed9fa49acfcf2b7d9e82753999de6fa70d81e5b124df5dbf98573ba38252350"},"C:\\Users\\loco8\\workspace\\eurofirms-bootcamp-202305\\staff\\manuel-david-castillo\\instaflan-fullstack\\api\\logic\\chats-logic\\deleteMessage.js":{"path":"C:\\Users\\loco8\\workspace\\eurofirms-bootcamp-202305\\staff\\manuel-david-castillo\\instaflan-fullstack\\api\\logic\\chats-logic\\deleteMessage.js","statementMap":{"0":{"start":{"line":1,"column":21},"end":{"line":1,"column":49}},"1":{"start":{"line":2,"column":23},"end":{"line":2,"column":55}},"2":{"start":{"line":5,"column":4},"end":{"line":5,"column":22}},"3":{"start":{"line":6,"column":4},"end":{"line":6,"column":25}},"4":{"start":{"line":8,"column":4},"end":{"line":24,"column":6}},"5":{"start":{"line":10,"column":8},"end":{"line":10,"column":51}},"6":{"start":{"line":10,"column":18},"end":{"line":10,"column":51}},"7":{"start":{"line":11,"column":8},"end":{"line":11,"column":51}},"8":{"start":{"line":11,"column":18},"end":{"line":11,"column":51}},"9":{"start":{"line":13,"column":29},"end":{"line":13,"column":101}},"10":{"start":{"line":13,"column":64},"end":{"line":13,"column":100}},"11":{"start":{"line":15,"column":8},"end":{"line":15,"column":128}},"12":{"start":{"line":15,"column":70},"end":{"line":15,"column":128}},"13":{"start":{"line":17,"column":8},"end":{"line":17,"column":91}},"14":{"start":{"line":17,"column":49},"end":{"line":17,"column":91}},"15":{"start":{"line":18,"column":8},"end":{"line":18,"column":99}},"16":{"start":{"line":18,"column":57},"end":{"line":18,"column":99}},"17":{"start":{"line":20,"column":8},"end":{"line":20,"column":45}},"18":{"start":{"line":21,"column":8},"end":{"line":21,"column":49}},"19":{"start":{"line":23,"column":8},"end":{"line":23,"column":26}},"20":{"start":{"line":27,"column":0},"end":{"line":27,"column":30}}},"fnMap":{"0":{"name":"deleteMessage","decl":{"start":{"line":4,"column":9},"end":{"line":4,"column":22}},"loc":{"start":{"line":4,"column":42},"end":{"line":25,"column":1}},"line":4},"1":{"name":"(anonymous_1)","decl":{"start":{"line":9,"column":10},"end":{"line":9,"column":11}},"loc":{"start":{"line":9,"column":28},"end":{"line":24,"column":5}},"line":9},"2":{"name":"(anonymous_2)","decl":{"start":{"line":13,"column":53},"end":{"line":13,"column":54}},"loc":{"start":{"line":13,"column":64},"end":{"line":13,"column":100}},"line":13}},"branchMap":{"0":{"loc":{"start":{"line":10,"column":8},"end":{"line":10,"column":51}},"type":"if","locations":[{"start":{"line":10,"column":8},"end":{"line":10,"column":51}},{"start":{"line":10,"column":8},"end":{"line":10,"column":51}}],"line":10},"1":{"loc":{"start":{"line":11,"column":8},"end":{"line":11,"column":51}},"type":"if","locations":[{"start":{"line":11,"column":8},"end":{"line":11,"column":51}},{"start":{"line":11,"column":8},"end":{"line":11,"column":51}}],"line":11},"2":{"loc":{"start":{"line":15,"column":8},"end":{"line":15,"column":128}},"type":"if","locations":[{"start":{"line":15,"column":8},"end":{"line":15,"column":128}},{"start":{"line":15,"column":8},"end":{"line":15,"column":128}}],"line":15},"3":{"loc":{"start":{"line":17,"column":8},"end":{"line":17,"column":91}},"type":"if","locations":[{"start":{"line":17,"column":8},"end":{"line":17,"column":91}},{"start":{"line":17,"column":8},"end":{"line":17,"column":91}}],"line":17},"4":{"loc":{"start":{"line":18,"column":8},"end":{"line":18,"column":99}},"type":"if","locations":[{"start":{"line":18,"column":8},"end":{"line":18,"column":99}},{"start":{"line":18,"column":8},"end":{"line":18,"column":99}}],"line":18}},"s":{"0":1,"1":1,"2":6,"3":6,"4":6,"5":6,"6":1,"7":5,"8":1,"9":4,"10":4,"11":4,"12":1,"13":3,"14":2,"15":3,"16":1,"17":2,"18":2,"19":2,"20":1},"f":{"0":6,"1":6,"2":4},"b":{"0":[1,5],"1":[1,4],"2":[1,3],"3":[2,1],"4":[1,2]},"_coverageSchema":"1a1c01bbd47fc00a2c39e90264f33305004495a9","hash":"802058c83c4d352e1467a03fef955ee8d78e4d74","contentHash":"61f7c5885fc984085193732f421ec39e0be9d15b0638be04b4b6efa19e4031ba"},"C:\\Users\\loco8\\workspace\\eurofirms-bootcamp-202305\\staff\\manuel-david-castillo\\instaflan-fullstack\\api\\logic\\chats-logic\\editMessage.spec.js":{"path":"C:\\Users\\loco8\\workspace\\eurofirms-bootcamp-202305\\staff\\manuel-david-castillo\\instaflan-fullstack\\api\\logic\\chats-logic\\editMessage.spec.js","statementMap":{"0":{"start":{"line":1,"column":0},"end":{"line":1,"column":8}},"1":{"start":{"line":2,"column":0},"end":{"line":2,"column":26}},"2":{"start":{"line":4,"column":20},"end":{"line":4,"column":44}},"3":{"start":{"line":5,"column":17},"end":{"line":5,"column":36}},"4":{"start":{"line":7,"column":24},"end":{"line":7,"column":35}},"5":{"start":{"line":9,"column":17},"end":{"line":9,"column":45}},"6":{"start":{"line":10,"column":17},"end":{"line":10,"column":45}},"7":{"start":{"line":11,"column":19},"end":{"line":11,"column":34}},"8":{"start":{"line":13,"column":0},"end":{"line":109,"column":2}},"9":{"start":{"line":14,"column":4},"end":{"line":14,"column":67}},"10":{"start":{"line":14,"column":17},"end":{"line":14,"column":66}},"11":{"start":{"line":31,"column":4},"end":{"line":72,"column":6}},"12":{"start":{"line":32,"column":8},"end":{"line":32,"column":38}},"13":{"start":{"line":33,"column":8},"end":{"line":33,"column":49}},"14":{"start":{"line":34,"column":8},"end":{"line":34,"column":42}},"15":{"start":{"line":36,"column":8},"end":{"line":36,"column":39}},"16":{"start":{"line":37,"column":8},"end":{"line":37,"column":50}},"17":{"start":{"line":38,"column":8},"end":{"line":38,"column":43}},"18":{"start":{"line":40,"column":8},"end":{"line":40,"column":38}},"19":{"start":{"line":41,"column":8},"end":{"line":41,"column":41}},"20":{"start":{"line":43,"column":8},"end":{"line":71,"column":14}},"21":{"start":{"line":46,"column":16},"end":{"line":46,"column":32}},"22":{"start":{"line":47,"column":16},"end":{"line":47,"column":34}},"23":{"start":{"line":49,"column":29},"end":{"line":49,"column":39}},"24":{"start":{"line":50,"column":33},"end":{"line":50,"column":35}},"25":{"start":{"line":51,"column":30},"end":{"line":51,"column":51}},"26":{"start":{"line":53,"column":32},"end":{"line":59,"column":17}},"27":{"start":{"line":61,"column":16},"end":{"line":61,"column":38}},"28":{"start":{"line":63,"column":16},"end":{"line":63,"column":61}},"29":{"start":{"line":66,"column":16},"end":{"line":66,"column":32}},"30":{"start":{"line":67,"column":16},"end":{"line":67,"column":59}},"31":{"start":{"line":70,"column":16},"end":{"line":70,"column":59}},"32":{"start":{"line":74,"column":4},"end":{"line":82,"column":5}},"33":{"start":{"line":75,"column":8},"end":{"line":81,"column":14}},"34":{"start":{"line":77,"column":16},"end":{"line":77,"column":59}},"35":{"start":{"line":80,"column":16},"end":{"line":80,"column":63}},"36":{"start":{"line":84,"column":4},"end":{"line":90,"column":5}},"37":{"start":{"line":85,"column":8},"end":{"line":89,"column":14}},"38":{"start":{"line":87,"column":16},"end":{"line":87,"column":53}},"39":{"start":{"line":88,"column":16},"end":{"line":88,"column":64}},"40":{"start":{"line":92,"column":4},"end":{"line":98,"column":5}},"41":{"start":{"line":93,"column":8},"end":{"line":97,"column":14}},"42":{"start":{"line":95,"column":16},"end":{"line":95,"column":53}},"43":{"start":{"line":96,"column":16},"end":{"line":96,"column":64}},"44":{"start":{"line":100,"column":4},"end":{"line":106,"column":5}},"45":{"start":{"line":101,"column":8},"end":{"line":105,"column":14}},"46":{"start":{"line":103,"column":16},"end":{"line":103,"column":53}},"47":{"start":{"line":104,"column":16},"end":{"line":104,"column":89}},"48":{"start":{"line":108,"column":4},"end":{"line":108,"column":38}},"49":{"start":{"line":108,"column":16},"end":{"line":108,"column":37}}},"fnMap":{"0":{"name":"(anonymous_0)","decl":{"start":{"line":13,"column":24},"end":{"line":13,"column":25}},"loc":{"start":{"line":13,"column":30},"end":{"line":109,"column":1}},"line":13},"1":{"name":"(anonymous_1)","decl":{"start":{"line":14,"column":11},"end":{"line":14,"column":12}},"loc":{"start":{"line":14,"column":17},"end":{"line":14,"column":66}},"line":14},"2":{"name":"(anonymous_2)","decl":{"start":{"line":31,"column":15},"end":{"line":31,"column":16}},"loc":{"start":{"line":31,"column":21},"end":{"line":72,"column":5}},"line":31},"3":{"name":"(anonymous_3)","decl":{"start":{"line":45,"column":18},"end":{"line":45,"column":19}},"loc":{"start":{"line":45,"column":37},"end":{"line":64,"column":13}},"line":45},"4":{"name":"(anonymous_4)","decl":{"start":{"line":65,"column":18},"end":{"line":65,"column":19}},"loc":{"start":{"line":65,"column":26},"end":{"line":68,"column":13}},"line":65},"5":{"name":"(anonymous_5)","decl":{"start":{"line":69,"column":18},"end":{"line":69,"column":19}},"loc":{"start":{"line":69,"column":26},"end":{"line":71,"column":13}},"line":69},"6":{"name":"(anonymous_6)","decl":{"start":{"line":74,"column":31},"end":{"line":74,"column":32}},"loc":{"start":{"line":75,"column":8},"end":{"line":81,"column":14}},"line":75},"7":{"name":"(anonymous_7)","decl":{"start":{"line":76,"column":18},"end":{"line":76,"column":19}},"loc":{"start":{"line":76,"column":24},"end":{"line":78,"column":13}},"line":76},"8":{"name":"(anonymous_8)","decl":{"start":{"line":79,"column":18},"end":{"line":79,"column":19}},"loc":{"start":{"line":79,"column":26},"end":{"line":81,"column":13}},"line":79},"9":{"name":"(anonymous_9)","decl":{"start":{"line":84,"column":35},"end":{"line":84,"column":36}},"loc":{"start":{"line":85,"column":8},"end":{"line":89,"column":14}},"line":85},"10":{"name":"(anonymous_10)","decl":{"start":{"line":86,"column":19},"end":{"line":86,"column":20}},"loc":{"start":{"line":86,"column":28},"end":{"line":89,"column":13}},"line":86},"11":{"name":"(anonymous_11)","decl":{"start":{"line":92,"column":35},"end":{"line":92,"column":36}},"loc":{"start":{"line":93,"column":8},"end":{"line":97,"column":14}},"line":93},"12":{"name":"(anonymous_12)","decl":{"start":{"line":94,"column":19},"end":{"line":94,"column":20}},"loc":{"start":{"line":94,"column":28},"end":{"line":97,"column":13}},"line":94},"13":{"name":"(anonymous_13)","decl":{"start":{"line":100,"column":56},"end":{"line":100,"column":57}},"loc":{"start":{"line":101,"column":8},"end":{"line":105,"column":14}},"line":101},"14":{"name":"(anonymous_14)","decl":{"start":{"line":102,"column":19},"end":{"line":102,"column":20}},"loc":{"start":{"line":102,"column":28},"end":{"line":105,"column":13}},"line":102},"15":{"name":"(anonymous_15)","decl":{"start":{"line":108,"column":10},"end":{"line":108,"column":11}},"loc":{"start":{"line":108,"column":16},"end":{"line":108,"column":37}},"line":108}},"branchMap":{},"s":{"0":1,"1":1,"2":1,"3":1,"4":1,"5":1,"6":1,"7":1,"8":1,"9":1,"10":1,"11":1,"12":4,"13":4,"14":4,"15":4,"16":4,"17":4,"18":4,"19":4,"20":4,"21":4,"22":4,"23":4,"24":4,"25":4,"26":4,"27":4,"28":4,"29":4,"30":4,"31":4,"32":1,"33":1,"34":1,"35":1,"36":1,"37":1,"38":1,"39":1,"40":1,"41":1,"42":1,"43":1,"44":1,"45":1,"46":1,"47":1,"48":1,"49":1},"f":{"0":1,"1":1,"2":4,"3":4,"4":4,"5":4,"6":1,"7":1,"8":1,"9":1,"10":1,"11":1,"12":1,"13":1,"14":1,"15":1},"b":{},"_coverageSchema":"1a1c01bbd47fc00a2c39e90264f33305004495a9","hash":"f867be958f5d650ccbbed665ded06863c64d6c00","contentHash":"ef0e961295312e0ea8aeeabc44c88726d2e9ee30f310539bd88d9b8e7bf6d619"},"C:\\Users\\loco8\\workspace\\eurofirms-bootcamp-202305\\staff\\manuel-david-castillo\\instaflan-fullstack\\api\\logic\\chats-logic\\editMessage.js":{"path":"C:\\Users\\loco8\\workspace\\eurofirms-bootcamp-202305\\staff\\manuel-david-castillo\\instaflan-fullstack\\api\\logic\\chats-logic\\editMessage.js","statementMap":{"0":{"start":{"line":1,"column":21},"end":{"line":1,"column":49}},"1":{"start":{"line":2,"column":37},"end":{"line":2,"column":69}},"2":{"start":{"line":5,"column":4},"end":{"line":5,"column":22}},"3":{"start":{"line":6,"column":4},"end":{"line":6,"column":25}},"4":{"start":{"line":7,"column":4},"end":{"line":7,"column":22}},"5":{"start":{"line":9,"column":4},"end":{"line":22,"column":6}},"6":{"start":{"line":11,"column":8},"end":{"line":11,"column":51}},"7":{"start":{"line":11,"column":18},"end":{"line":11,"column":51}},"8":{"start":{"line":12,"column":8},"end":{"line":12,"column":51}},"9":{"start":{"line":12,"column":18},"end":{"line":12,"column":51}},"10":{"start":{"line":14,"column":29},"end":{"line":14,"column":101}},"11":{"start":{"line":14,"column":64},"end":{"line":14,"column":100}},"12":{"start":{"line":16,"column":8},"end":{"line":16,"column":128}},"13":{"start":{"line":16,"column":70},"end":{"line":16,"column":128}},"14":{"start":{"line":18,"column":8},"end":{"line":18,"column":47}},"15":{"start":{"line":19,"column":8},"end":{"line":19,"column":47}},"16":{"start":{"line":21,"column":8},"end":{"line":21,"column":26}},"17":{"start":{"line":25,"column":0},"end":{"line":25,"column":28}}},"fnMap":{"0":{"name":"editMessage","decl":{"start":{"line":4,"column":9},"end":{"line":4,"column":20}},"loc":{"start":{"line":4,"column":46},"end":{"line":23,"column":1}},"line":4},"1":{"name":"(anonymous_1)","decl":{"start":{"line":10,"column":10},"end":{"line":10,"column":11}},"loc":{"start":{"line":10,"column":28},"end":{"line":22,"column":5}},"line":10},"2":{"name":"(anonymous_2)","decl":{"start":{"line":14,"column":53},"end":{"line":14,"column":54}},"loc":{"start":{"line":14,"column":64},"end":{"line":14,"column":100}},"line":14}},"branchMap":{"0":{"loc":{"start":{"line":11,"column":8},"end":{"line":11,"column":51}},"type":"if","locations":[{"start":{"line":11,"column":8},"end":{"line":11,"column":51}},{"start":{"line":11,"column":8},"end":{"line":11,"column":51}}],"line":11},"1":{"loc":{"start":{"line":12,"column":8},"end":{"line":12,"column":51}},"type":"if","locations":[{"start":{"line":12,"column":8},"end":{"line":12,"column":51}},{"start":{"line":12,"column":8},"end":{"line":12,"column":51}}],"line":12},"2":{"loc":{"start":{"line":16,"column":8},"end":{"line":16,"column":128}},"type":"if","locations":[{"start":{"line":16,"column":8},"end":{"line":16,"column":128}},{"start":{"line":16,"column":8},"end":{"line":16,"column":128}}],"line":16}},"s":{"0":1,"1":1,"2":4,"3":4,"4":4,"5":4,"6":4,"7":1,"8":3,"9":1,"10":2,"11":2,"12":2,"13":1,"14":1,"15":1,"16":1,"17":1},"f":{"0":4,"1":4,"2":2},"b":{"0":[1,3],"1":[1,2],"2":[1,1]},"_coverageSchema":"1a1c01bbd47fc00a2c39e90264f33305004495a9","hash":"23065e587749bb8b800bd557472fbc22ab0accf6","contentHash":"6bc98bec8459d6161960917467e7d561849bfd8290ff7b659e1d8fca7f1b432e"},"C:\\Users\\loco8\\workspace\\eurofirms-bootcamp-202305\\staff\\manuel-david-castillo\\instaflan-fullstack\\api\\logic\\chats-logic\\numberChatsNotReading.spec.js":{"path":"C:\\Users\\loco8\\workspace\\eurofirms-bootcamp-202305\\staff\\manuel-david-castillo\\instaflan-fullstack\\api\\logic\\chats-logic\\numberChatsNotReading.spec.js","statementMap":{"0":{"start":{"line":1,"column":0},"end":{"line":1,"column":26}},"1":{"start":{"line":3,"column":30},"end":{"line":3,"column":64}},"2":{"start":{"line":4,"column":17},"end":{"line":4,"column":36}},"3":{"start":{"line":6,"column":24},"end":{"line":6,"column":35}},"4":{"start":{"line":8,"column":17},"end":{"line":8,"column":45}},"5":{"start":{"line":9,"column":17},"end":{"line":9,"column":45}},"6":{"start":{"line":10,"column":19},"end":{"line":10,"column":34}},"7":{"start":{"line":12,"column":0},"end":{"line":62,"column":2}},"8":{"start":{"line":13,"column":4},"end":{"line":13,"column":67}},"9":{"start":{"line":13,"column":17},"end":{"line":13,"column":66}},"10":{"start":{"line":27,"column":4},"end":{"line":52,"column":6}},"11":{"start":{"line":28,"column":8},"end":{"line":28,"column":38}},"12":{"start":{"line":29,"column":8},"end":{"line":29,"column":49}},"13":{"start":{"line":30,"column":8},"end":{"line":30,"column":42}},"14":{"start":{"line":32,"column":8},"end":{"line":32,"column":39}},"15":{"start":{"line":33,"column":8},"end":{"line":33,"column":50}},"16":{"start":{"line":34,"column":8},"end":{"line":34,"column":43}},"17":{"start":{"line":36,"column":8},"end":{"line":36,"column":38}},"18":{"start":{"line":38,"column":8},"end":{"line":51,"column":14}},"19":{"start":{"line":41,"column":16},"end":{"line":41,"column":32}},"20":{"start":{"line":42,"column":16},"end":{"line":42,"column":34}},"21":{"start":{"line":44,"column":29},"end":{"line":44,"column":39}},"22":{"start":{"line":45,"column":33},"end":{"line":45,"column":35}},"23":{"start":{"line":46,"column":30},"end":{"line":46,"column":51}},"24":{"start":{"line":47,"column":34},"end":{"line":47,"column":44}},"25":{"start":{"line":49,"column":16},"end":{"line":50,"column":56}},"26":{"start":{"line":54,"column":4},"end":{"line":59,"column":5}},"27":{"start":{"line":55,"column":8},"end":{"line":58,"column":14}},"28":{"start":{"line":57,"column":16},"end":{"line":57,"column":44}},"29":{"start":{"line":61,"column":4},"end":{"line":61,"column":38}},"30":{"start":{"line":61,"column":16},"end":{"line":61,"column":37}}},"fnMap":{"0":{"name":"(anonymous_0)","decl":{"start":{"line":12,"column":34},"end":{"line":12,"column":35}},"loc":{"start":{"line":12,"column":40},"end":{"line":62,"column":1}},"line":12},"1":{"name":"(anonymous_1)","decl":{"start":{"line":13,"column":11},"end":{"line":13,"column":12}},"loc":{"start":{"line":13,"column":17},"end":{"line":13,"column":66}},"line":13},"2":{"name":"(anonymous_2)","decl":{"start":{"line":27,"column":15},"end":{"line":27,"column":16}},"loc":{"start":{"line":27,"column":21},"end":{"line":52,"column":5}},"line":27},"3":{"name":"(anonymous_3)","decl":{"start":{"line":40,"column":18},"end":{"line":40,"column":19}},"loc":{"start":{"line":40,"column":37},"end":{"line":51,"column":13}},"line":40},"4":{"name":"(anonymous_4)","decl":{"start":{"line":54,"column":55},"end":{"line":54,"column":56}},"loc":{"start":{"line":55,"column":8},"end":{"line":58,"column":14}},"line":55},"5":{"name":"(anonymous_5)","decl":{"start":{"line":56,"column":18},"end":{"line":56,"column":19}},"loc":{"start":{"line":56,"column":27},"end":{"line":58,"column":13}},"line":56},"6":{"name":"(anonymous_6)","decl":{"start":{"line":61,"column":10},"end":{"line":61,"column":11}},"loc":{"start":{"line":61,"column":16},"end":{"line":61,"column":37}},"line":61}},"branchMap":{},"s":{"0":1,"1":1,"2":1,"3":1,"4":1,"5":1,"6":1,"7":1,"8":1,"9":1,"10":1,"11":1,"12":1,"13":1,"14":1,"15":1,"16":1,"17":1,"18":1,"19":1,"20":1,"21":1,"22":1,"23":1,"24":1,"25":1,"26":1,"27":1,"28":1,"29":1,"30":1},"f":{"0":1,"1":1,"2":1,"3":1,"4":1,"5":1,"6":1},"b":{},"_coverageSchema":"1a1c01bbd47fc00a2c39e90264f33305004495a9","hash":"98d4ad2a8a31848b577e755085451749c3d5091a","contentHash":"07418e68c46c66b2b5dcf24b3a6384cab1ce5f011289349d747b72f1e8683199"},"C:\\Users\\loco8\\workspace\\eurofirms-bootcamp-202305\\staff\\manuel-david-castillo\\instaflan-fullstack\\api\\logic\\chats-logic\\numberChatsNotReading.js":{"path":"C:\\Users\\loco8\\workspace\\eurofirms-bootcamp-202305\\staff\\manuel-david-castillo\\instaflan-fullstack\\api\\logic\\chats-logic\\numberChatsNotReading.js","statementMap":{"0":{"start":{"line":1,"column":23},"end":{"line":1,"column":55}},"1":{"start":{"line":2,"column":17},"end":{"line":2,"column":45}},"2":{"start":{"line":5,"column":4},"end":{"line":5,"column":22}},"3":{"start":{"line":7,"column":4},"end":{"line":17,"column":10}},"4":{"start":{"line":10,"column":24},"end":{"line":10,"column":25}},"5":{"start":{"line":12,"column":12},"end":{"line":14,"column":15}},"6":{"start":{"line":13,"column":16},"end":{"line":13,"column":80}},"7":{"start":{"line":13,"column":46},"end":{"line":13,"column":70}},"8":{"start":{"line":13,"column":73},"end":{"line":13,"column":80}},"9":{"start":{"line":16,"column":12},"end":{"line":16,"column":24}},"10":{"start":{"line":20,"column":0},"end":{"line":20,"column":38}}},"fnMap":{"0":{"name":"numberChatsNotReading","decl":{"start":{"line":4,"column":9},"end":{"line":4,"column":30}},"loc":{"start":{"line":4,"column":39},"end":{"line":18,"column":1}},"line":4},"1":{"name":"(anonymous_1)","decl":{"start":{"line":8,"column":14},"end":{"line":8,"column":15}},"loc":{"start":{"line":8,"column":25},"end":{"line":17,"column":9}},"line":8},"2":{"name":"(anonymous_2)","decl":{"start":{"line":12,"column":26},"end":{"line":12,"column":27}},"loc":{"start":{"line":12,"column":34},"end":{"line":14,"column":13}},"line":12},"3":{"name":"(anonymous_3)","decl":{"start":{"line":13,"column":40},"end":{"line":13,"column":41}},"loc":{"start":{"line":13,"column":46},"end":{"line":13,"column":70}},"line":13}},"branchMap":{"0":{"loc":{"start":{"line":13,"column":16},"end":{"line":13,"column":80}},"type":"if","locations":[{"start":{"line":13,"column":16},"end":{"line":13,"column":80}},{"start":{"line":13,"column":16},"end":{"line":13,"column":80}}],"line":13}},"s":{"0":1,"1":1,"2":1,"3":1,"4":1,"5":1,"6":2,"7":1,"8":1,"9":1,"10":1},"f":{"0":1,"1":1,"2":2,"3":1},"b":{"0":[1,1]},"_coverageSchema":"1a1c01bbd47fc00a2c39e90264f33305004495a9","hash":"da311d7c06442335ac0d3aceb8c718a3d9634023","contentHash":"d18f78166870f922fd3d58fe6729fbb5b65dc35a49186291bd4183aa32363c9f"},"C:\\Users\\loco8\\workspace\\eurofirms-bootcamp-202305\\staff\\manuel-david-castillo\\instaflan-fullstack\\api\\logic\\chats-logic\\retrieveChat.spec.js":{"path":"C:\\Users\\loco8\\workspace\\eurofirms-bootcamp-202305\\staff\\manuel-david-castillo\\instaflan-fullstack\\api\\logic\\chats-logic\\retrieveChat.spec.js","statementMap":{"0":{"start":{"line":1,"column":0},"end":{"line":1,"column":8}},"1":{"start":{"line":2,"column":0},"end":{"line":2,"column":26}},"2":{"start":{"line":4,"column":21},"end":{"line":4,"column":46}},"3":{"start":{"line":5,"column":17},"end":{"line":5,"column":36}},"4":{"start":{"line":7,"column":24},"end":{"line":7,"column":35}},"5":{"start":{"line":9,"column":17},"end":{"line":9,"column":45}},"6":{"start":{"line":10,"column":17},"end":{"line":10,"column":45}},"7":{"start":{"line":11,"column":19},"end":{"line":11,"column":34}},"8":{"start":{"line":13,"column":0},"end":{"line":99,"column":2}},"9":{"start":{"line":14,"column":4},"end":{"line":14,"column":67}},"10":{"start":{"line":14,"column":17},"end":{"line":14,"column":66}},"11":{"start":{"line":29,"column":4},"end":{"line":66,"column":6}},"12":{"start":{"line":30,"column":8},"end":{"line":30,"column":38}},"13":{"start":{"line":31,"column":8},"end":{"line":31,"column":49}},"14":{"start":{"line":32,"column":8},"end":{"line":32,"column":42}},"15":{"start":{"line":34,"column":8},"end":{"line":34,"column":39}},"16":{"start":{"line":35,"column":8},"end":{"line":35,"column":50}},"17":{"start":{"line":36,"column":8},"end":{"line":36,"column":43}},"18":{"start":{"line":38,"column":8},"end":{"line":65,"column":14}},"19":{"start":{"line":41,"column":16},"end":{"line":41,"column":32}},"20":{"start":{"line":42,"column":16},"end":{"line":42,"column":34}},"21":{"start":{"line":44,"column":29},"end":{"line":44,"column":39}},"22":{"start":{"line":45,"column":33},"end":{"line":45,"column":35}},"23":{"start":{"line":46,"column":30},"end":{"line":46,"column":51}},"24":{"start":{"line":47,"column":34},"end":{"line":47,"column":44}},"25":{"start":{"line":49,"column":32},"end":{"line":55,"column":17}},"26":{"start":{"line":57,"column":16},"end":{"line":57,"column":38}},"27":{"start":{"line":59,"column":16},"end":{"line":60,"column":67}},"28":{"start":{"line":63,"column":16},"end":{"line":63,"column":32}},"29":{"start":{"line":64,"column":16},"end":{"line":64,"column":34}},"30":{"start":{"line":68,"column":4},"end":{"line":73,"column":5}},"31":{"start":{"line":69,"column":8},"end":{"line":72,"column":14}},"32":{"start":{"line":71,"column":16},"end":{"line":71,"column":51}},"33":{"start":{"line":75,"column":4},"end":{"line":80,"column":5}},"34":{"start":{"line":76,"column":8},"end":{"line":79,"column":14}},"35":{"start":{"line":78,"column":16},"end":{"line":78,"column":52}},"36":{"start":{"line":82,"column":4},"end":{"line":88,"column":5}},"37":{"start":{"line":83,"column":8},"end":{"line":87,"column":14}},"38":{"start":{"line":85,"column":16},"end":{"line":85,"column":53}},"39":{"start":{"line":86,"column":16},"end":{"line":86,"column":64}},"40":{"start":{"line":90,"column":4},"end":{"line":96,"column":5}},"41":{"start":{"line":91,"column":8},"end":{"line":95,"column":14}},"42":{"start":{"line":93,"column":16},"end":{"line":93,"column":53}},"43":{"start":{"line":94,"column":16},"end":{"line":94,"column":64}},"44":{"start":{"line":98,"column":4},"end":{"line":98,"column":38}},"45":{"start":{"line":98,"column":16},"end":{"line":98,"column":37}}},"fnMap":{"0":{"name":"(anonymous_0)","decl":{"start":{"line":13,"column":25},"end":{"line":13,"column":26}},"loc":{"start":{"line":13,"column":31},"end":{"line":99,"column":1}},"line":13},"1":{"name":"(anonymous_1)","decl":{"start":{"line":14,"column":11},"end":{"line":14,"column":12}},"loc":{"start":{"line":14,"column":17},"end":{"line":14,"column":66}},"line":14},"2":{"name":"(anonymous_2)","decl":{"start":{"line":29,"column":15},"end":{"line":29,"column":16}},"loc":{"start":{"line":29,"column":21},"end":{"line":66,"column":5}},"line":29},"3":{"name":"(anonymous_3)","decl":{"start":{"line":40,"column":18},"end":{"line":40,"column":19}},"loc":{"start":{"line":40,"column":37},"end":{"line":61,"column":13}},"line":40},"4":{"name":"(anonymous_4)","decl":{"start":{"line":62,"column":18},"end":{"line":62,"column":19}},"loc":{"start":{"line":62,"column":37},"end":{"line":65,"column":13}},"line":62},"5":{"name":"(anonymous_5)","decl":{"start":{"line":68,"column":33},"end":{"line":68,"column":34}},"loc":{"start":{"line":69,"column":8},"end":{"line":72,"column":14}},"line":69},"6":{"name":"(anonymous_6)","decl":{"start":{"line":70,"column":18},"end":{"line":70,"column":19}},"loc":{"start":{"line":70,"column":26},"end":{"line":72,"column":13}},"line":70},"7":{"name":"(anonymous_7)","decl":{"start":{"line":75,"column":33},"end":{"line":75,"column":34}},"loc":{"start":{"line":76,"column":8},"end":{"line":79,"column":14}},"line":76},"8":{"name":"(anonymous_8)","decl":{"start":{"line":77,"column":18},"end":{"line":77,"column":19}},"loc":{"start":{"line":77,"column":26},"end":{"line":79,"column":13}},"line":77},"9":{"name":"(anonymous_9)","decl":{"start":{"line":82,"column":34},"end":{"line":82,"column":35}},"loc":{"start":{"line":83,"column":8},"end":{"line":87,"column":14}},"line":83},"10":{"name":"(anonymous_10)","decl":{"start":{"line":84,"column":19},"end":{"line":84,"column":20}},"loc":{"start":{"line":84,"column":28},"end":{"line":87,"column":13}},"line":84},"11":{"name":"(anonymous_11)","decl":{"start":{"line":90,"column":34},"end":{"line":90,"column":35}},"loc":{"start":{"line":91,"column":8},"end":{"line":95,"column":14}},"line":91},"12":{"name":"(anonymous_12)","decl":{"start":{"line":92,"column":19},"end":{"line":92,"column":20}},"loc":{"start":{"line":92,"column":28},"end":{"line":95,"column":13}},"line":92},"13":{"name":"(anonymous_13)","decl":{"start":{"line":98,"column":10},"end":{"line":98,"column":11}},"loc":{"start":{"line":98,"column":16},"end":{"line":98,"column":37}},"line":98}},"branchMap":{},"s":{"0":1,"1":1,"2":1,"3":1,"4":1,"5":1,"6":1,"7":1,"8":1,"9":1,"10":1,"11":1,"12":4,"13":4,"14":4,"15":4,"16":4,"17":4,"18":4,"19":4,"20":4,"21":4,"22":4,"23":4,"24":4,"25":4,"26":4,"27":4,"28":4,"29":4,"30":1,"31":1,"32":1,"33":1,"34":1,"35":1,"36":1,"37":1,"38":1,"39":1,"40":1,"41":1,"42":1,"43":1,"44":1,"45":1},"f":{"0":1,"1":1,"2":4,"3":4,"4":4,"5":1,"6":1,"7":1,"8":1,"9":1,"10":1,"11":1,"12":1,"13":1},"b":{},"_coverageSchema":"1a1c01bbd47fc00a2c39e90264f33305004495a9","hash":"ec4cf51bb82f1cfa149351c072621681473b1033","contentHash":"13abe3eb3567317fd1b69f8d083fbd62e112ad4515d1b983a4aeddaffa1eebf5"},"C:\\Users\\loco8\\workspace\\eurofirms-bootcamp-202305\\staff\\manuel-david-castillo\\instaflan-fullstack\\api\\logic\\chats-logic\\retrieveChat.js":{"path":"C:\\Users\\loco8\\workspace\\eurofirms-bootcamp-202305\\staff\\manuel-david-castillo\\instaflan-fullstack\\api\\logic\\chats-logic\\retrieveChat.js","statementMap":{"0":{"start":{"line":1,"column":23},"end":{"line":1,"column":51}},"1":{"start":{"line":2,"column":23},"end":{"line":2,"column":55}},"2":{"start":{"line":5,"column":4},"end":{"line":5,"column":22}},"3":{"start":{"line":6,"column":4},"end":{"line":6,"column":22}},"4":{"start":{"line":8,"column":4},"end":{"line":43,"column":10}},"5":{"start":{"line":10,"column":12},"end":{"line":10,"column":56}},"6":{"start":{"line":10,"column":23},"end":{"line":10,"column":56}},"7":{"start":{"line":11,"column":12},"end":{"line":11,"column":56}},"8":{"start":{"line":11,"column":23},"end":{"line":11,"column":56}},"9":{"start":{"line":13,"column":26},"end":{"line":13,"column":103}},"10":{"start":{"line":13,"column":61},"end":{"line":13,"column":102}},"11":{"start":{"line":14,"column":12},"end":{"line":16,"column":13}},"12":{"start":{"line":15,"column":16},"end":{"line":15,"column":47}},"13":{"start":{"line":18,"column":12},"end":{"line":18,"column":30}},"14":{"start":{"line":21,"column":12},"end":{"line":22,"column":74}},"15":{"start":{"line":26,"column":12},"end":{"line":26,"column":41}},"16":{"start":{"line":27,"column":12},"end":{"line":27,"column":27}},"17":{"start":{"line":29,"column":26},"end":{"line":29,"column":86}},"18":{"start":{"line":29,"column":55},"end":{"line":29,"column":85}},"19":{"start":{"line":30,"column":12},"end":{"line":30,"column":39}},"20":{"start":{"line":32,"column":12},"end":{"line":35,"column":14}},"21":{"start":{"line":33,"column":16},"end":{"line":33,"column":34}},"22":{"start":{"line":34,"column":16},"end":{"line":34,"column":31}},"23":{"start":{"line":37,"column":12},"end":{"line":40,"column":14}},"24":{"start":{"line":38,"column":16},"end":{"line":38,"column":51}},"25":{"start":{"line":39,"column":16},"end":{"line":39,"column":34}},"26":{"start":{"line":42,"column":12},"end":{"line":42,"column":23}},"27":{"start":{"line":46,"column":0},"end":{"line":46,"column":29}}},"fnMap":{"0":{"name":"retrieveChat","decl":{"start":{"line":4,"column":9},"end":{"line":4,"column":21}},"loc":{"start":{"line":4,"column":38},"end":{"line":44,"column":1}},"line":4},"1":{"name":"(anonymous_1)","decl":{"start":{"line":9,"column":14},"end":{"line":9,"column":15}},"loc":{"start":{"line":9,"column":32},"end":{"line":19,"column":9}},"line":9},"2":{"name":"(anonymous_2)","decl":{"start":{"line":13,"column":51},"end":{"line":13,"column":52}},"loc":{"start":{"line":13,"column":61},"end":{"line":13,"column":102}},"line":13},"3":{"name":"(anonymous_3)","decl":{"start":{"line":20,"column":14},"end":{"line":20,"column":15}},"loc":{"start":{"line":20,"column":20},"end":{"line":23,"column":9}},"line":20},"4":{"name":"(anonymous_4)","decl":{"start":{"line":24,"column":14},"end":{"line":24,"column":15}},"loc":{"start":{"line":24,"column":22},"end":{"line":43,"column":9}},"line":24},"5":{"name":"(anonymous_5)","decl":{"start":{"line":29,"column":47},"end":{"line":29,"column":48}},"loc":{"start":{"line":29,"column":55},"end":{"line":29,"column":85}},"line":29},"6":{"name":"(anonymous_6)","decl":{"start":{"line":32,"column":31},"end":{"line":32,"column":32}},"loc":{"start":{"line":32,"column":39},"end":{"line":35,"column":13}},"line":32},"7":{"name":"(anonymous_7)","decl":{"start":{"line":37,"column":34},"end":{"line":37,"column":35}},"loc":{"start":{"line":37,"column":45},"end":{"line":40,"column":13}},"line":37}},"branchMap":{"0":{"loc":{"start":{"line":10,"column":12},"end":{"line":10,"column":56}},"type":"if","locations":[{"start":{"line":10,"column":12},"end":{"line":10,"column":56}},{"start":{"line":10,"column":12},"end":{"line":10,"column":56}}],"line":10},"1":{"loc":{"start":{"line":11,"column":12},"end":{"line":11,"column":56}},"type":"if","locations":[{"start":{"line":11,"column":12},"end":{"line":11,"column":56}},{"start":{"line":11,"column":12},"end":{"line":11,"column":56}}],"line":11},"2":{"loc":{"start":{"line":14,"column":12},"end":{"line":16,"column":13}},"type":"if","locations":[{"start":{"line":14,"column":12},"end":{"line":16,"column":13}},{"start":{"line":14,"column":12},"end":{"line":16,"column":13}}],"line":14}},"s":{"0":1,"1":1,"2":4,"3":4,"4":4,"5":4,"6":1,"7":3,"8":1,"9":2,"10":1,"11":2,"12":1,"13":2,"14":2,"15":2,"16":2,"17":2,"18":2,"19":2,"20":2,"21":2,"22":2,"23":2,"24":2,"25":2,"26":2,"27":1},"f":{"0":4,"1":4,"2":1,"3":2,"4":2,"5":2,"6":2,"7":2},"b":{"0":[1,3],"1":[1,2],"2":[1,1]},"_coverageSchema":"1a1c01bbd47fc00a2c39e90264f33305004495a9","hash":"15b8dc7fe160c71480b60281eda107303c8705b1","contentHash":"0bff9caf7c67db8d1622b33e564c5474c27dbbbf988c7ba672a6ca03c048f789"},"C:\\Users\\loco8\\workspace\\eurofirms-bootcamp-202305\\staff\\manuel-david-castillo\\instaflan-fullstack\\api\\logic\\chats-logic\\retrieveChats.spec.js":{"path":"C:\\Users\\loco8\\workspace\\eurofirms-bootcamp-202305\\staff\\manuel-david-castillo\\instaflan-fullstack\\api\\logic\\chats-logic\\retrieveChats.spec.js","statementMap":{"0":{"start":{"line":1,"column":0},"end":{"line":1,"column":26}},"1":{"start":{"line":3,"column":22},"end":{"line":3,"column":48}},"2":{"start":{"line":4,"column":17},"end":{"line":4,"column":36}},"3":{"start":{"line":6,"column":24},"end":{"line":6,"column":35}},"4":{"start":{"line":8,"column":17},"end":{"line":8,"column":45}},"5":{"start":{"line":9,"column":17},"end":{"line":9,"column":45}},"6":{"start":{"line":10,"column":19},"end":{"line":10,"column":34}},"7":{"start":{"line":12,"column":0},"end":{"line":81,"column":2}},"8":{"start":{"line":13,"column":4},"end":{"line":13,"column":67}},"9":{"start":{"line":13,"column":17},"end":{"line":13,"column":66}},"10":{"start":{"line":30,"column":4},"end":{"line":71,"column":6}},"11":{"start":{"line":31,"column":8},"end":{"line":31,"column":38}},"12":{"start":{"line":32,"column":8},"end":{"line":32,"column":49}},"13":{"start":{"line":33,"column":8},"end":{"line":33,"column":42}},"14":{"start":{"line":35,"column":8},"end":{"line":35,"column":39}},"15":{"start":{"line":36,"column":8},"end":{"line":36,"column":50}},"16":{"start":{"line":37,"column":8},"end":{"line":37,"column":43}},"17":{"start":{"line":39,"column":8},"end":{"line":39,"column":39}},"18":{"start":{"line":40,"column":8},"end":{"line":40,"column":50}},"19":{"start":{"line":41,"column":8},"end":{"line":41,"column":43}},"20":{"start":{"line":43,"column":8},"end":{"line":43,"column":38}},"21":{"start":{"line":45,"column":8},"end":{"line":70,"column":14}},"22":{"start":{"line":49,"column":16},"end":{"line":49,"column":32}},"23":{"start":{"line":50,"column":16},"end":{"line":50,"column":34}},"24":{"start":{"line":51,"column":16},"end":{"line":51,"column":34}},"25":{"start":{"line":53,"column":29},"end":{"line":53,"column":39}},"26":{"start":{"line":54,"column":33},"end":{"line":54,"column":35}},"27":{"start":{"line":55,"column":30},"end":{"line":55,"column":51}},"28":{"start":{"line":56,"column":31},"end":{"line":56,"column":52}},"29":{"start":{"line":58,"column":32},"end":{"line":64,"column":17}},"30":{"start":{"line":66,"column":16},"end":{"line":66,"column":38}},"31":{"start":{"line":68,"column":16},"end":{"line":69,"column":64}},"32":{"start":{"line":73,"column":4},"end":{"line":78,"column":5}},"33":{"start":{"line":74,"column":8},"end":{"line":77,"column":14}},"34":{"start":{"line":76,"column":16},"end":{"line":76,"column":48}},"35":{"start":{"line":80,"column":4},"end":{"line":80,"column":38}},"36":{"start":{"line":80,"column":16},"end":{"line":80,"column":37}}},"fnMap":{"0":{"name":"(anonymous_0)","decl":{"start":{"line":12,"column":26},"end":{"line":12,"column":27}},"loc":{"start":{"line":12,"column":32},"end":{"line":81,"column":1}},"line":12},"1":{"name":"(anonymous_1)","decl":{"start":{"line":13,"column":11},"end":{"line":13,"column":12}},"loc":{"start":{"line":13,"column":17},"end":{"line":13,"column":66}},"line":13},"2":{"name":"(anonymous_2)","decl":{"start":{"line":30,"column":15},"end":{"line":30,"column":16}},"loc":{"start":{"line":30,"column":21},"end":{"line":71,"column":5}},"line":30},"3":{"name":"(anonymous_3)","decl":{"start":{"line":48,"column":18},"end":{"line":48,"column":19}},"loc":{"start":{"line":48,"column":44},"end":{"line":70,"column":13}},"line":48},"4":{"name":"(anonymous_4)","decl":{"start":{"line":73,"column":33},"end":{"line":73,"column":34}},"loc":{"start":{"line":74,"column":8},"end":{"line":77,"column":14}},"line":74},"5":{"name":"(anonymous_5)","decl":{"start":{"line":75,"column":18},"end":{"line":75,"column":19}},"loc":{"start":{"line":75,"column":27},"end":{"line":77,"column":13}},"line":75},"6":{"name":"(anonymous_6)","decl":{"start":{"line":80,"column":10},"end":{"line":80,"column":11}},"loc":{"start":{"line":80,"column":16},"end":{"line":80,"column":37}},"line":80}},"branchMap":{},"s":{"0":1,"1":1,"2":1,"3":1,"4":1,"5":1,"6":1,"7":1,"8":1,"9":1,"10":1,"11":1,"12":1,"13":1,"14":1,"15":1,"16":1,"17":1,"18":1,"19":1,"20":1,"21":1,"22":1,"23":1,"24":1,"25":1,"26":1,"27":1,"28":1,"29":1,"30":1,"31":1,"32":1,"33":1,"34":1,"35":1,"36":1},"f":{"0":1,"1":1,"2":1,"3":1,"4":1,"5":1,"6":1},"b":{},"_coverageSchema":"1a1c01bbd47fc00a2c39e90264f33305004495a9","hash":"7d8a6dc6c2d95a1c3fb8000c84e176148bb68c21","contentHash":"7b6673100c756b37948c8e2366d5c67b3b8621361c1863c7cd5becb6240805ac"},"C:\\Users\\loco8\\workspace\\eurofirms-bootcamp-202305\\staff\\manuel-david-castillo\\instaflan-fullstack\\api\\logic\\chats-logic\\retrieveChats.js":{"path":"C:\\Users\\loco8\\workspace\\eurofirms-bootcamp-202305\\staff\\manuel-david-castillo\\instaflan-fullstack\\api\\logic\\chats-logic\\retrieveChats.js","statementMap":{"0":{"start":{"line":1,"column":17},"end":{"line":1,"column":45}},"1":{"start":{"line":2,"column":23},"end":{"line":2,"column":55}},"2":{"start":{"line":5,"column":4},"end":{"line":5,"column":22}},"3":{"start":{"line":7,"column":4},"end":{"line":30,"column":10}},"4":{"start":{"line":11,"column":12},"end":{"line":27,"column":14}},"5":{"start":{"line":12,"column":16},"end":{"line":12,"column":34}},"6":{"start":{"line":13,"column":16},"end":{"line":13,"column":31}},"7":{"start":{"line":15,"column":30},"end":{"line":15,"column":90}},"8":{"start":{"line":15,"column":59},"end":{"line":15,"column":89}},"9":{"start":{"line":16,"column":16},"end":{"line":16,"column":43}},"10":{"start":{"line":18,"column":16},"end":{"line":21,"column":18}},"11":{"start":{"line":19,"column":20},"end":{"line":19,"column":38}},"12":{"start":{"line":20,"column":20},"end":{"line":20,"column":35}},"13":{"start":{"line":23,"column":16},"end":{"line":26,"column":18}},"14":{"start":{"line":24,"column":20},"end":{"line":24,"column":44}},"15":{"start":{"line":25,"column":20},"end":{"line":25,"column":38}},"16":{"start":{"line":29,"column":12},"end":{"line":29,"column":24}},"17":{"start":{"line":33,"column":0},"end":{"line":33,"column":30}}},"fnMap":{"0":{"name":"retrieveChats","decl":{"start":{"line":4,"column":9},"end":{"line":4,"column":22}},"loc":{"start":{"line":4,"column":31},"end":{"line":31,"column":1}},"line":4},"1":{"name":"(anonymous_1)","decl":{"start":{"line":9,"column":14},"end":{"line":9,"column":15}},"loc":{"start":{"line":9,"column":23},"end":{"line":30,"column":9}},"line":9},"2":{"name":"(anonymous_2)","decl":{"start":{"line":11,"column":26},"end":{"line":11,"column":27}},"loc":{"start":{"line":11,"column":34},"end":{"line":27,"column":13}},"line":11},"3":{"name":"(anonymous_3)","decl":{"start":{"line":15,"column":51},"end":{"line":15,"column":52}},"loc":{"start":{"line":15,"column":59},"end":{"line":15,"column":89}},"line":15},"4":{"name":"(anonymous_4)","decl":{"start":{"line":18,"column":35},"end":{"line":18,"column":36}},"loc":{"start":{"line":18,"column":43},"end":{"line":21,"column":17}},"line":18},"5":{"name":"(anonymous_5)","decl":{"start":{"line":23,"column":38},"end":{"line":23,"column":39}},"loc":{"start":{"line":23,"column":49},"end":{"line":26,"column":17}},"line":23}},"branchMap":{},"s":{"0":1,"1":1,"2":1,"3":1,"4":1,"5":2,"6":2,"7":2,"8":2,"9":2,"10":2,"11":2,"12":2,"13":2,"14":2,"15":2,"16":1,"17":1},"f":{"0":1,"1":1,"2":2,"3":2,"4":2,"5":2},"b":{},"_coverageSchema":"1a1c01bbd47fc00a2c39e90264f33305004495a9","hash":"83fd0b9ab4b19cfc55c3ad56d92cc2f329c6151f","contentHash":"b267a7d8173d8d5e2f0453b2d6f2a5a2d87017d0df1575b8b655d0e860dbd85c"},"C:\\Users\\loco8\\workspace\\eurofirms-bootcamp-202305\\staff\\manuel-david-castillo\\instaflan-fullstack\\api\\logic\\chats-logic\\sendMessage.spec.js":{"path":"C:\\Users\\loco8\\workspace\\eurofirms-bootcamp-202305\\staff\\manuel-david-castillo\\instaflan-fullstack\\api\\logic\\chats-logic\\sendMessage.spec.js","statementMap":{"0":{"start":{"line":1,"column":0},"end":{"line":1,"column":26}},"1":{"start":{"line":3,"column":20},"end":{"line":3,"column":44}},"2":{"start":{"line":4,"column":17},"end":{"line":4,"column":36}},"3":{"start":{"line":6,"column":24},"end":{"line":6,"column":35}},"4":{"start":{"line":8,"column":17},"end":{"line":8,"column":45}},"5":{"start":{"line":9,"column":17},"end":{"line":9,"column":45}},"6":{"start":{"line":10,"column":19},"end":{"line":10,"column":34}},"7":{"start":{"line":12,"column":0},"end":{"line":81,"column":2}},"8":{"start":{"line":13,"column":4},"end":{"line":13,"column":67}},"9":{"start":{"line":13,"column":17},"end":{"line":13,"column":66}},"10":{"start":{"line":28,"column":4},"end":{"line":52,"column":6}},"11":{"start":{"line":29,"column":8},"end":{"line":29,"column":38}},"12":{"start":{"line":30,"column":8},"end":{"line":30,"column":49}},"13":{"start":{"line":31,"column":8},"end":{"line":31,"column":42}},"14":{"start":{"line":33,"column":8},"end":{"line":33,"column":39}},"15":{"start":{"line":34,"column":8},"end":{"line":34,"column":50}},"16":{"start":{"line":35,"column":8},"end":{"line":35,"column":43}},"17":{"start":{"line":37,"column":8},"end":{"line":37,"column":38}},"18":{"start":{"line":39,"column":8},"end":{"line":51,"column":55}},"19":{"start":{"line":42,"column":16},"end":{"line":42,"column":32}},"20":{"start":{"line":43,"column":16},"end":{"line":43,"column":34}},"21":{"start":{"line":45,"column":29},"end":{"line":45,"column":39}},"22":{"start":{"line":46,"column":33},"end":{"line":46,"column":35}},"23":{"start":{"line":47,"column":30},"end":{"line":47,"column":51}},"24":{"start":{"line":49,"column":16},"end":{"line":49,"column":61}},"25":{"start":{"line":51,"column":26},"end":{"line":51,"column":54}},"26":{"start":{"line":54,"column":4},"end":{"line":62,"column":5}},"27":{"start":{"line":55,"column":8},"end":{"line":61,"column":14}},"28":{"start":{"line":57,"column":16},"end":{"line":57,"column":59}},"29":{"start":{"line":60,"column":16},"end":{"line":60,"column":56}},"30":{"start":{"line":64,"column":4},"end":{"line":70,"column":5}},"31":{"start":{"line":65,"column":8},"end":{"line":69,"column":14}},"32":{"start":{"line":67,"column":16},"end":{"line":67,"column":53}},"33":{"start":{"line":68,"column":16},"end":{"line":68,"column":64}},"34":{"start":{"line":72,"column":4},"end":{"line":78,"column":5}},"35":{"start":{"line":73,"column":8},"end":{"line":77,"column":14}},"36":{"start":{"line":75,"column":16},"end":{"line":75,"column":53}},"37":{"start":{"line":76,"column":16},"end":{"line":76,"column":64}},"38":{"start":{"line":80,"column":4},"end":{"line":80,"column":38}},"39":{"start":{"line":80,"column":16},"end":{"line":80,"column":37}}},"fnMap":{"0":{"name":"(anonymous_0)","decl":{"start":{"line":12,"column":24},"end":{"line":12,"column":25}},"loc":{"start":{"line":12,"column":30},"end":{"line":81,"column":1}},"line":12},"1":{"name":"(anonymous_1)","decl":{"start":{"line":13,"column":11},"end":{"line":13,"column":12}},"loc":{"start":{"line":13,"column":17},"end":{"line":13,"column":66}},"line":13},"2":{"name":"(anonymous_2)","decl":{"start":{"line":28,"column":15},"end":{"line":28,"column":16}},"loc":{"start":{"line":28,"column":21},"end":{"line":52,"column":5}},"line":28},"3":{"name":"(anonymous_3)","decl":{"start":{"line":41,"column":18},"end":{"line":41,"column":19}},"loc":{"start":{"line":41,"column":37},"end":{"line":50,"column":13}},"line":41},"4":{"name":"(anonymous_4)","decl":{"start":{"line":51,"column":18},"end":{"line":51,"column":19}},"loc":{"start":{"line":51,"column":26},"end":{"line":51,"column":54}},"line":51},"5":{"name":"(anonymous_5)","decl":{"start":{"line":54,"column":31},"end":{"line":54,"column":32}},"loc":{"start":{"line":55,"column":8},"end":{"line":61,"column":14}},"line":55},"6":{"name":"(anonymous_6)","decl":{"start":{"line":56,"column":18},"end":{"line":56,"column":19}},"loc":{"start":{"line":56,"column":24},"end":{"line":58,"column":13}},"line":56},"7":{"name":"(anonymous_7)","decl":{"start":{"line":59,"column":18},"end":{"line":59,"column":19}},"loc":{"start":{"line":59,"column":26},"end":{"line":61,"column":13}},"line":59},"8":{"name":"(anonymous_8)","decl":{"start":{"line":64,"column":34},"end":{"line":64,"column":35}},"loc":{"start":{"line":65,"column":8},"end":{"line":69,"column":14}},"line":65},"9":{"name":"(anonymous_9)","decl":{"start":{"line":66,"column":19},"end":{"line":66,"column":20}},"loc":{"start":{"line":66,"column":28},"end":{"line":69,"column":13}},"line":66},"10":{"name":"(anonymous_10)","decl":{"start":{"line":72,"column":34},"end":{"line":72,"column":35}},"loc":{"start":{"line":73,"column":8},"end":{"line":77,"column":14}},"line":73},"11":{"name":"(anonymous_11)","decl":{"start":{"line":74,"column":19},"end":{"line":74,"column":20}},"loc":{"start":{"line":74,"column":28},"end":{"line":77,"column":13}},"line":74},"12":{"name":"(anonymous_12)","decl":{"start":{"line":80,"column":10},"end":{"line":80,"column":11}},"loc":{"start":{"line":80,"column":16},"end":{"line":80,"column":37}},"line":80}},"branchMap":{},"s":{"0":1,"1":1,"2":1,"3":1,"4":1,"5":1,"6":1,"7":1,"8":1,"9":1,"10":1,"11":3,"12":3,"13":3,"14":3,"15":3,"16":3,"17":3,"18":3,"19":3,"20":3,"21":3,"22":3,"23":3,"24":3,"25":3,"26":1,"27":1,"28":1,"29":1,"30":1,"31":1,"32":1,"33":1,"34":1,"35":1,"36":1,"37":1,"38":1,"39":1},"f":{"0":1,"1":1,"2":3,"3":3,"4":3,"5":1,"6":1,"7":1,"8":1,"9":1,"10":1,"11":1,"12":1},"b":{},"_coverageSchema":"1a1c01bbd47fc00a2c39e90264f33305004495a9","hash":"ac309082c9d34361d728592ca29f1d97e59599c6","contentHash":"fb95d22b789276f11f58d7e09495f449fc1e00d6f560db1b5c92b4b1280d4374"},"C:\\Users\\loco8\\workspace\\eurofirms-bootcamp-202305\\staff\\manuel-david-castillo\\instaflan-fullstack\\api\\logic\\chats-logic\\sendMessage.js":{"path":"C:\\Users\\loco8\\workspace\\eurofirms-bootcamp-202305\\staff\\manuel-david-castillo\\instaflan-fullstack\\api\\logic\\chats-logic\\sendMessage.js","statementMap":{"0":{"start":{"line":1,"column":23},"end":{"line":1,"column":51}},"1":{"start":{"line":2,"column":37},"end":{"line":2,"column":69}},"2":{"start":{"line":5,"column":4},"end":{"line":5,"column":22}},"3":{"start":{"line":6,"column":4},"end":{"line":6,"column":22}},"4":{"start":{"line":7,"column":4},"end":{"line":7,"column":22}},"5":{"start":{"line":9,"column":4},"end":{"line":33,"column":23}},"6":{"start":{"line":12,"column":12},"end":{"line":12,"column":56}},"7":{"start":{"line":12,"column":23},"end":{"line":12,"column":56}},"8":{"start":{"line":13,"column":12},"end":{"line":13,"column":56}},"9":{"start":{"line":13,"column":23},"end":{"line":13,"column":56}},"10":{"start":{"line":15,"column":28},"end":{"line":21,"column":13}},"11":{"start":{"line":23,"column":12},"end":{"line":23,"column":39}},"12":{"start":{"line":25,"column":12},"end":{"line":25,"column":34}},"13":{"start":{"line":27,"column":12},"end":{"line":27,"column":39}},"14":{"start":{"line":28,"column":26},"end":{"line":28,"column":103}},"15":{"start":{"line":28,"column":61},"end":{"line":28,"column":102}},"16":{"start":{"line":29,"column":12},"end":{"line":29,"column":43}},"17":{"start":{"line":31,"column":12},"end":{"line":31,"column":30}},"18":{"start":{"line":36,"column":0},"end":{"line":36,"column":28}}},"fnMap":{"0":{"name":"sendMessage","decl":{"start":{"line":4,"column":9},"end":{"line":4,"column":20}},"loc":{"start":{"line":4,"column":43},"end":{"line":34,"column":1}},"line":4},"1":{"name":"(anonymous_1)","decl":{"start":{"line":11,"column":14},"end":{"line":11,"column":15}},"loc":{"start":{"line":11,"column":32},"end":{"line":32,"column":9}},"line":11},"2":{"name":"(anonymous_2)","decl":{"start":{"line":28,"column":51},"end":{"line":28,"column":52}},"loc":{"start":{"line":28,"column":61},"end":{"line":28,"column":102}},"line":28},"3":{"name":"(anonymous_3)","decl":{"start":{"line":33,"column":14},"end":{"line":33,"column":15}},"loc":{"start":{"line":33,"column":19},"end":{"line":33,"column":22}},"line":33}},"branchMap":{"0":{"loc":{"start":{"line":12,"column":12},"end":{"line":12,"column":56}},"type":"if","locations":[{"start":{"line":12,"column":12},"end":{"line":12,"column":56}},{"start":{"line":12,"column":12},"end":{"line":12,"column":56}}],"line":12},"1":{"loc":{"start":{"line":13,"column":12},"end":{"line":13,"column":56}},"type":"if","locations":[{"start":{"line":13,"column":12},"end":{"line":13,"column":56}},{"start":{"line":13,"column":12},"end":{"line":13,"column":56}}],"line":13}},"s":{"0":1,"1":1,"2":3,"3":3,"4":3,"5":3,"6":3,"7":1,"8":2,"9":1,"10":1,"11":1,"12":1,"13":1,"14":1,"15":1,"16":1,"17":1,"18":1},"f":{"0":3,"1":3,"2":1,"3":1},"b":{"0":[1,2],"1":[1,1]},"_coverageSchema":"1a1c01bbd47fc00a2c39e90264f33305004495a9","hash":"81898f26fb2be82f4ccbdb2e9120c48cca63fdb3","contentHash":"462276621ab7b75a25f75749246cbe4f0b389c085ca2e52cfb3c01c931935793"},"C:\\Users\\loco8\\workspace\\eurofirms-bootcamp-202305\\staff\\manuel-david-castillo\\instaflan-fullstack\\api\\logic\\commets-logic\\createComment.spec.js":{"path":"C:\\Users\\loco8\\workspace\\eurofirms-bootcamp-202305\\staff\\manuel-david-castillo\\instaflan-fullstack\\api\\logic\\commets-logic\\createComment.spec.js","statementMap":{"0":{"start":{"line":1,"column":0},"end":{"line":1,"column":26}},"1":{"start":{"line":2,"column":21},"end":{"line":2,"column":40}},"2":{"start":{"line":4,"column":22},"end":{"line":4,"column":48}},"3":{"start":{"line":5,"column":24},"end":{"line":5,"column":35}},"4":{"start":{"line":7,"column":23},"end":{"line":7,"column":51}},"5":{"start":{"line":8,"column":19},"end":{"line":8,"column":34}},"6":{"start":{"line":10,"column":0},"end":{"line":105,"column":2}},"7":{"start":{"line":11,"column":4},"end":{"line":11,"column":67}},"8":{"start":{"line":11,"column":17},"end":{"line":11,"column":66}},"9":{"start":{"line":29,"column":4},"end":{"line":70,"column":6}},"10":{"start":{"line":30,"column":8},"end":{"line":30,"column":38}},"11":{"start":{"line":31,"column":8},"end":{"line":31,"column":49}},"12":{"start":{"line":32,"column":8},"end":{"line":32,"column":42}},"13":{"start":{"line":34,"column":8},"end":{"line":34,"column":39}},"14":{"start":{"line":35,"column":8},"end":{"line":35,"column":50}},"15":{"start":{"line":36,"column":8},"end":{"line":36,"column":43}},"16":{"start":{"line":38,"column":8},"end":{"line":38,"column":38}},"17":{"start":{"line":39,"column":8},"end":{"line":39,"column":46}},"18":{"start":{"line":41,"column":8},"end":{"line":69,"column":14}},"19":{"start":{"line":44,"column":16},"end":{"line":44,"column":32}},"20":{"start":{"line":45,"column":16},"end":{"line":45,"c
[...]
e":58,"column":37},"end":{"line":60,"column":13}},"line":58},"6":{"name":"(anonymous_6)","decl":{"start":{"line":63,"column":34},"end":{"line":63,"column":35}},"loc":{"start":{"line":64,"column":8},"end":{"line":68,"column":14}},"line":64},"7":{"name":"(anonymous_7)","decl":{"start":{"line":65,"column":19},"end":{"line":65,"column":20}},"loc":{"start":{"line":65,"column":28},"end":{"line":68,"column":13}},"line":65},"8":{"name":"(anonymous_8)","decl":{"start":{"line":71,"column":10},"end":{"line":71,"column":11}},"loc":{"start":{"line":71,"column":16},"end":{"line":71,"column":37}},"line":71}},"branchMap":{},"s":{"0":1,"1":1,"2":1,"3":1,"4":1,"5":1,"6":1,"7":1,"8":1,"9":1,"10":1,"11":2,"12":2,"13":2,"14":2,"15":2,"16":2,"17":2,"18":2,"19":2,"20":2,"21":2,"22":2,"23":2,"24":1,"25":1,"26":1,"27":1,"28":1,"29":1,"30":1,"31":1,"32":1},"f":{"0":1,"1":1,"2":2,"3":2,"4":1,"5":1,"6":1,"7":1,"8":1},"b":{},"_coverageSchema":"1a1c01bbd47fc00a2c39e90264f33305004495a9","hash":"29be59a9d904942cd16b2ba3a48d6d18bd8edf8a","contentHash":"b521125e78e437a285732e126ccc6d39ee38057e24b72271755013dc497fd85a"},"C:\\Users\\loco8\\workspace\\eurofirms-bootcamp-202305\\staff\\manuel-david-castillo\\instaflan-fullstack\\api\\logic\\user-logic\\retrieveUsersNotFollowed.js":{"path":"C:\\Users\\loco8\\workspace\\eurofirms-bootcamp-202305\\staff\\manuel-david-castillo\\instaflan-fullstack\\api\\logic\\user-logic\\retrieveUsersNotFollowed.js","statementMap":{"0":{"start":{"line":1,"column":17},"end":{"line":1,"column":45}},"1":{"start":{"line":2,"column":23},"end":{"line":2,"column":55}},"2":{"start":{"line":5,"column":2},"end":{"line":5,"column":20}},"3":{"start":{"line":7,"column":2},"end":{"line":39,"column":6}},"4":{"start":{"line":9,"column":6},"end":{"line":9,"column":50}},"5":{"start":{"line":9,"column":17},"end":{"line":9,"column":50}},"6":{"start":{"line":11,"column":28},"end":{"line":11,"column":42}},"7":{"start":{"line":12,"column":6},"end":{"line":12,"column":34}},"8":{"start":{"line":14,"column":6},"end":{"line":30,"column":8}},"9":{"start":{"line":34,"column":6},"end":{"line":36,"column":8}},"10":{"start":{"line":35,"column":8},"end":{"line":35,"column":23}},"11":{"start":{"line":38,"column":6},"end":{"line":38,"column":18}},"12":{"start":{"line":42,"column":0},"end":{"line":42,"column":41}}},"fnMap":{"0":{"name":"retrieveUsersNotFollowed","decl":{"start":{"line":4,"column":9},"end":{"line":4,"column":33}},"loc":{"start":{"line":4,"column":42},"end":{"line":40,"column":1}},"line":4},"1":{"name":"(anonymous_1)","decl":{"start":{"line":8,"column":10},"end":{"line":8,"column":11}},"loc":{"start":{"line":8,"column":18},"end":{"line":31,"column":5}},"line":8},"2":{"name":"(anonymous_2)","decl":{"start":{"line":32,"column":10},"end":{"line":32,"column":11}},"loc":{"start":{"line":32,"column":19},"end":{"line":39,"column":5}},"line":32},"3":{"name":"(anonymous_3)","decl":{"start":{"line":34,"column":20},"end":{"line":34,"column":21}},"loc":{"start":{"line":34,"column":28},"end":{"line":36,"column":7}},"line":34}},"branchMap":{"0":{"loc":{"start":{"line":9,"column":6},"end":{"line":9,"column":50}},"type":"if","locations":[{"start":{"line":9,"column":6},"end":{"line":9,"column":50}},{"start":{"line":9,"column":6},"end":{"line":9,"column":50}}],"line":9}},"s":{"0":1,"1":1,"2":2,"3":2,"4":2,"5":1,"6":1,"7":1,"8":1,"9":1,"10":4,"11":1,"12":1},"f":{"0":2,"1":2,"2":1,"3":4},"b":{"0":[1,1]},"_coverageSchema":"1a1c01bbd47fc00a2c39e90264f33305004495a9","hash":"f9440f54539604caa6b0109affe6e8a28432af83","contentHash":"9f5f13475933dc6a9a805d70dea804bbc485293c356abe61f0a496a1c952733d"},"C:\\Users\\loco8\\workspace\\eurofirms-bootcamp-202305\\staff\\manuel-david-castillo\\instaflan-fullstack\\api\\logic\\user-logic\\searchUser.spec.js":{"path":"C:\\Users\\loco8\\workspace\\eurofirms-bootcamp-202305\\staff\\manuel-david-castillo\\instaflan-fullstack\\api\\logic\\user-logic\\searchUser.spec.js","statementMap":{"0":{"start":{"line":1,"column":0},"end":{"line":1,"column":26}},"1":{"start":{"line":3,"column":19},"end":{"line":3,"column":42}},"2":{"start":{"line":4,"column":17},"end":{"line":4,"column":36}},"3":{"start":{"line":6,"column":24},"end":{"line":6,"column":35}},"4":{"start":{"line":8,"column":17},"end":{"line":8,"column":45}},"5":{"start":{"line":9,"column":19},"end":{"line":9,"column":34}},"6":{"start":{"line":11,"column":0},"end":{"line":36,"column":2}},"7":{"start":{"line":12,"column":4},"end":{"line":12,"column":67}},"8":{"start":{"line":12,"column":17},"end":{"line":12,"column":66}},"9":{"start":{"line":19,"column":4},"end":{"line":26,"column":6}},"10":{"start":{"line":20,"column":8},"end":{"line":20,"column":38}},"11":{"start":{"line":21,"column":8},"end":{"line":21,"column":49}},"12":{"start":{"line":22,"column":8},"end":{"line":22,"column":42}},"13":{"start":{"line":24,"column":8},"end":{"line":25,"column":43}},"14":{"start":{"line":25,"column":26},"end":{"line":25,"column":42}},"15":{"start":{"line":28,"column":4},"end":{"line":33,"column":5}},"16":{"start":{"line":29,"column":8},"end":{"line":32,"column":14}},"17":{"start":{"line":31,"column":16},"end":{"line":31,"column":56}},"18":{"start":{"line":35,"column":4},"end":{"line":35,"column":38}},"19":{"start":{"line":35,"column":16},"end":{"line":35,"column":37}}},"fnMap":{"0":{"name":"(anonymous_0)","decl":{"start":{"line":11,"column":23},"end":{"line":11,"column":24}},"loc":{"start":{"line":11,"column":29},"end":{"line":36,"column":1}},"line":11},"1":{"name":"(anonymous_1)","decl":{"start":{"line":12,"column":11},"end":{"line":12,"column":12}},"loc":{"start":{"line":12,"column":17},"end":{"line":12,"column":66}},"line":12},"2":{"name":"(anonymous_2)","decl":{"start":{"line":19,"column":15},"end":{"line":19,"column":16}},"loc":{"start":{"line":19,"column":21},"end":{"line":26,"column":5}},"line":19},"3":{"name":"(anonymous_3)","decl":{"start":{"line":25,"column":18},"end":{"line":25,"column":19}},"loc":{"start":{"line":25,"column":26},"end":{"line":25,"column":42}},"line":25},"4":{"name":"(anonymous_4)","decl":{"start":{"line":28,"column":32},"end":{"line":28,"column":33}},"loc":{"start":{"line":29,"column":8},"end":{"line":32,"column":14}},"line":29},"5":{"name":"(anonymous_5)","decl":{"start":{"line":30,"column":18},"end":{"line":30,"column":19}},"loc":{"start":{"line":30,"column":27},"end":{"line":32,"column":13}},"line":30},"6":{"name":"(anonymous_6)","decl":{"start":{"line":35,"column":10},"end":{"line":35,"column":11}},"loc":{"start":{"line":35,"column":16},"end":{"line":35,"column":37}},"line":35}},"branchMap":{},"s":{"0":1,"1":1,"2":1,"3":1,"4":1,"5":1,"6":1,"7":1,"8":1,"9":1,"10":1,"11":1,"12":1,"13":1,"14":1,"15":1,"16":1,"17":1,"18":1,"19":1},"f":{"0":1,"1":1,"2":1,"3":1,"4":1,"5":1,"6":1},"b":{},"_coverageSchema":"1a1c01bbd47fc00a2c39e90264f33305004495a9","hash":"a4f76eadaa46592bc39173b165d288451589fe90","contentHash":"c09413193c85e12e3b1076d8ab3f7b7dd49d96f59da076ec1fb828285b376ec7"},"C:\\Users\\loco8\\workspace\\eurofirms-bootcamp-202305\\staff\\manuel-david-castillo\\instaflan-fullstack\\api\\logic\\user-logic\\searchUser.js":{"path":"C:\\Users\\loco8\\workspace\\eurofirms-bootcamp-202305\\staff\\manuel-david-castillo\\instaflan-fullstack\\api\\logic\\user-logic\\searchUser.js","statementMap":{"0":{"start":{"line":1,"column":37},"end":{"line":1,"column":69}},"1":{"start":{"line":2,"column":17},"end":{"line":2,"column":45}},"2":{"start":{"line":5,"column":4},"end":{"line":5,"column":22}},"3":{"start":{"line":6,"column":4},"end":{"line":6,"column":22}},"4":{"start":{"line":8,"column":18},"end":{"line":8,"column":45}},"5":{"start":{"line":10,"column":4},"end":{"line":19,"column":10}},"6":{"start":{"line":13,"column":12},"end":{"line":16,"column":14}},"7":{"start":{"line":14,"column":16},"end":{"line":14,"column":45}},"8":{"start":{"line":15,"column":16},"end":{"line":15,"column":31}},"9":{"start":{"line":18,"column":12},"end":{"line":18,"column":24}},"10":{"start":{"line":22,"column":0},"end":{"line":22,"column":27}}},"fnMap":{"0":{"name":"searchUser","decl":{"start":{"line":4,"column":9},"end":{"line":4,"column":19}},"loc":{"start":{"line":4,"column":34},"end":{"line":20,"column":1}},"line":4},"1":{"name":"(anonymous_1)","decl":{"start":{"line":11,"column":14},"end":{"line":11,"column":15}},"loc":{"start":{"line":11,"column":23},"end":{"line":19,"column":9}},"line":11},"2":{"name":"(anonymous_2)","decl":{"start":{"line":13,"column":26},"end":{"line":13,"column":27}},"loc":{"start":{"line":13,"column":34},"end":{"line":16,"column":13}},"line":13}},"branchMap":{},"s":{"0":1,"1":1,"2":1,"3":1,"4":1,"5":1,"6":1,"7":22661,"8":22661,"9":1,"10":1},"f":{"0":1,"1":1,"2":22661},"b":{},"_coverageSchema":"1a1c01bbd47fc00a2c39e90264f33305004495a9","hash":"929aecfbff5b85dfe9fefc9f3da8585515e5bf11","contentHash":"3fe8a81ea72bfd0243ca265e628caa5dcd2360093a4d8f89059797f4c8d32d85"},"C:\\Users\\loco8\\workspace\\eurofirms-bootcamp-202305\\staff\\manuel-david-castillo\\instaflan-fullstack\\api\\logic\\user-logic\\toggleFollowUser.spec.js":{"path":"C:\\Users\\loco8\\workspace\\eurofirms-bootcamp-202305\\staff\\manuel-david-castillo\\instaflan-fullstack\\api\\logic\\user-logic\\toggleFollowUser.spec.js","statementMap":{"0":{"start":{"line":1,"column":0},"end":{"line":1,"column":26}},"1":{"start":{"line":3,"column":25},"end":{"line":3,"column":54}},"2":{"start":{"line":4,"column":17},"end":{"line":4,"column":36}},"3":{"start":{"line":6,"column":24},"end":{"line":6,"column":35}},"4":{"start":{"line":8,"column":17},"end":{"line":8,"column":45}},"5":{"start":{"line":9,"column":19},"end":{"line":9,"column":34}},"6":{"start":{"line":11,"column":0},"end":{"line":94,"column":2}},"7":{"start":{"line":12,"column":4},"end":{"line":12,"column":67}},"8":{"start":{"line":12,"column":17},"end":{"line":12,"column":66}},"9":{"start":{"line":24,"column":4},"end":{"line":44,"column":6}},"10":{"start":{"line":25,"column":8},"end":{"line":25,"column":38}},"11":{"start":{"line":26,"column":8},"end":{"line":26,"column":49}},"12":{"start":{"line":27,"column":8},"end":{"line":27,"column":42}},"13":{"start":{"line":29,"column":8},"end":{"line":29,"column":39}},"14":{"start":{"line":30,"column":8},"end":{"line":30,"column":50}},"15":{"start":{"line":31,"column":8},"end":{"line":31,"column":43}},"16":{"start":{"line":33,"column":8},"end":{"line":43,"column":14}},"17":{"start":{"line":36,"column":16},"end":{"line":36,"column":32}},"18":{"start":{"line":37,"column":16},"end":{"line":37,"column":34}},"19":{"start":{"line":39,"column":16},"end":{"line":39,"column":46}},"20":{"start":{"line":40,"column":16},"end":{"line":40,"column":45}},"21":{"start":{"line":42,"column":16},"end":{"line":42,"column":63}},"22":{"start":{"line":46,"column":4},"end":{"line":57,"column":5}},"23":{"start":{"line":47,"column":8},"end":{"line":56,"column":14}},"24":{"start":{"line":50,"column":16},"end":{"line":51,"column":55}},"25":{"start":{"line":55,"column":16},"end":{"line":55,"column":81}},"26":{"start":{"line":59,"column":4},"end":{"line":75,"column":5}},"27":{"start":{"line":60,"column":8},"end":{"line":74,"column":14}},"28":{"start":{"line":63,"column":16},"end":{"line":64,"column":55}},"29":{"start":{"line":67,"column":34},"end":{"line":67,"column":36}},"30":{"start":{"line":69,"column":16},"end":{"line":71,"column":19}},"31":{"start":{"line":70,"column":20},"end":{"line":70,"column":51}},"32":{"start":{"line":73,"column":16},"end":{"line":73,"column":75}},"33":{"start":{"line":77,"column":4},"end":{"line":83,"column":5}},"34":{"start":{"line":78,"column":8},"end":{"line":82,"column":14}},"35":{"start":{"line":80,"column":16},"end":{"line":80,"column":53}},"36":{"start":{"line":81,"column":16},"end":{"line":81,"column":64}},"37":{"start":{"line":85,"column":4},"end":{"line":91,"column":5}},"38":{"start":{"line":86,"column":8},"end":{"line":90,"column":14}},"39":{"start":{"line":88,"column":16},"end":{"line":88,"column":53}},"40":{"start":{"line":89,"column":16},"end":{"line":89,"column":71}},"41":{"start":{"line":93,"column":4},"end":{"line":93,"column":38}},"42":{"start":{"line":93,"column":16},"end":{"line":93,"column":37}}},"fnMap":{"0":{"name":"(anonymous_0)","decl":{"start":{"line":11,"column":29},"end":{"line":11,"column":30}},"loc":{"start":{"line":11,"column":35},"end":{"line":94,"column":1}},"line":11},"1":{"name":"(anonymous_1)","decl":{"start":{"line":12,"column":11},"end":{"line":12,"column":12}},"loc":{"start":{"line":12,"column":17},"end":{"line":12,"column":66}},"line":12},"2":{"name":"(anonymous_2)","decl":{"start":{"line":24,"column":15},"end":{"line":24,"column":16}},"loc":{"start":{"line":24,"column":21},"end":{"line":44,"column":5}},"line":24},"3":{"name":"(anonymous_3)","decl":{"start":{"line":35,"column":18},"end":{"line":35,"column":19}},"loc":{"start":{"line":35,"column":37},"end":{"line":43,"column":13}},"line":35},"4":{"name":"(anonymous_4)","decl":{"start":{"line":46,"column":33},"end":{"line":46,"column":34}},"loc":{"start":{"line":47,"column":8},"end":{"line":56,"column":14}},"line":47},"5":{"name":"(anonymous_5)","decl":{"start":{"line":48,"column":18},"end":{"line":48,"column":19}},"loc":{"start":{"line":48,"column":24},"end":{"line":52,"column":13}},"line":48},"6":{"name":"(anonymous_6)","decl":{"start":{"line":53,"column":18},"end":{"line":53,"column":19}},"loc":{"start":{"line":53,"column":37},"end":{"line":56,"column":13}},"line":53},"7":{"name":"(anonymous_7)","decl":{"start":{"line":59,"column":33},"end":{"line":59,"column":34}},"loc":{"start":{"line":60,"column":8},"end":{"line":74,"column":14}},"line":60},"8":{"name":"(anonymous_8)","decl":{"start":{"line":61,"column":18},"end":{"line":61,"column":19}},"loc":{"start":{"line":61,"column":24},"end":{"line":65,"column":13}},"line":61},"9":{"name":"(anonymous_9)","decl":{"start":{"line":66,"column":18},"end":{"line":66,"column":19}},"loc":{"start":{"line":66,"column":37},"end":{"line":74,"column":13}},"line":66},"10":{"name":"(anonymous_10)","decl":{"start":{"line":69,"column":39},"end":{"line":69,"column":40}},"loc":{"start":{"line":69,"column":47},"end":{"line":71,"column":17}},"line":69},"11":{"name":"(anonymous_11)","decl":{"start":{"line":77,"column":34},"end":{"line":77,"column":35}},"loc":{"start":{"line":78,"column":8},"end":{"line":82,"column":14}},"line":78},"12":{"name":"(anonymous_12)","decl":{"start":{"line":79,"column":19},"end":{"line":79,"column":20}},"loc":{"start":{"line":79,"column":28},"end":{"line":82,"column":13}},"line":79},"13":{"name":"(anonymous_13)","decl":{"start":{"line":85,"column":34},"end":{"line":85,"column":35}},"loc":{"start":{"line":86,"column":8},"end":{"line":90,"column":14}},"line":86},"14":{"name":"(anonymous_14)","decl":{"start":{"line":87,"column":19},"end":{"line":87,"column":20}},"loc":{"start":{"line":87,"column":28},"end":{"line":90,"column":13}},"line":87},"15":{"name":"(anonymous_15)","decl":{"start":{"line":93,"column":10},"end":{"line":93,"column":11}},"loc":{"start":{"line":93,"column":16},"end":{"line":93,"column":37}},"line":93}},"branchMap":{},"s":{"0":1,"1":1,"2":1,"3":1,"4":1,"5":1,"6":1,"7":1,"8":1,"9":1,"10":4,"11":4,"12":4,"13":4,"14":4,"15":4,"16":4,"17":4,"18":4,"19":4,"20":4,"21":4,"22":1,"23":1,"24":1,"25":1,"26":1,"27":1,"28":1,"29":1,"30":1,"31":1,"32":1,"33":1,"34":1,"35":1,"36":1,"37":1,"38":1,"39":1,"40":1,"41":1,"42":1},"f":{"0":1,"1":1,"2":4,"3":4,"4":1,"5":1,"6":1,"7":1,"8":1,"9":1,"10":1,"11":1,"12":1,"13":1,"14":1,"15":1},"b":{},"_coverageSchema":"1a1c01bbd47fc00a2c39e90264f33305004495a9","hash":"50bb0f6e22ca40fe65d47b772e8f52f01bd28602","contentHash":"f5481c2730ac43b772c83e6cc36fe1ce6e4735f018241e948a5a01e44bf1a550"},"C:\\Users\\loco8\\workspace\\eurofirms-bootcamp-202305\\staff\\manuel-david-castillo\\instaflan-fullstack\\api\\logic\\user-logic\\toggleFollowUser.js":{"path":"C:\\Users\\loco8\\workspace\\eurofirms-bootcamp-202305\\staff\\manuel-david-castillo\\instaflan-fullstack\\api\\logic\\user-logic\\toggleFollowUser.js","statementMap":{"0":{"start":{"line":1,"column":17},"end":{"line":1,"column":45}},"1":{"start":{"line":2,"column":23},"end":{"line":2,"column":55}},"2":{"start":{"line":5,"column":4},"end":{"line":5,"column":22}},"3":{"start":{"line":6,"column":4},"end":{"line":6,"column":29}},"4":{"start":{"line":8,"column":4},"end":{"line":45,"column":24}},"5":{"start":{"line":10,"column":12},"end":{"line":10,"column":56}},"6":{"start":{"line":10,"column":23},"end":{"line":10,"column":56}},"7":{"start":{"line":11,"column":12},"end":{"line":11,"column":70}},"8":{"start":{"line":11,"column":30},"end":{"line":11,"column":70}},"9":{"start":{"line":14,"column":35},"end":{"line":14,"column":49}},"10":{"start":{"line":16,"column":26},"end":{"line":16,"column":91}},"11":{"start":{"line":16,"column":59},"end":{"line":16,"column":90}},"12":{"start":{"line":18,"column":12},"end":{"line":22,"column":13}},"13":{"start":{"line":19,"column":16},"end":{"line":19,"column":52}},"14":{"start":{"line":21,"column":16},"end":{"line":21,"column":47}},"15":{"start":{"line":25,"column":34},"end":{"line":25,"column":54}},"16":{"start":{"line":27,"column":30},"end":{"line":27,"column":87}},"17":{"start":{"line":27,"column":62},"end":{"line":27,"column":86}},"18":{"start":{"line":29,"column":12},"end":{"line":41,"column":13}},"19":{"start":{"line":30,"column":16},"end":{"line":30,"column":44}},"20":{"start":{"line":32,"column":37},"end":{"line":36,"column":17}},"21":{"start":{"line":38,"column":16},"end":{"line":38,"column":60}},"22":{"start":{"line":40,"column":16},"end":{"line":40,"column":50}},"23":{"start":{"line":43,"column":12},"end":{"line":43,"column":65}},"24":{"start":{"line":48,"column":0},"end":{"line":48,"column":33}}},"fnMap":{"0":{"name":"toggleFollowUser","decl":{"start":{"line":4,"column":9},"end":{"line":4,"column":25}},"loc":{"start":{"line":4,"column":49},"end":{"line":46,"column":1}},"line":4},"1":{"name":"(anonymous_1)","decl":{"start":{"line":9,"column":14},"end":{"line":9,"column":15}},"loc":{"start":{"line":9,"column":39},"end":{"line":44,"column":9}},"line":9},"2":{"name":"(anonymous_2)","decl":{"start":{"line":16,"column":51},"end":{"line":16,"column":52}},"loc":{"start":{"line":16,"column":59},"end":{"line":16,"column":90}},"line":16},"3":{"name":"(anonymous_3)","decl":{"start":{"line":27,"column":54},"end":{"line":27,"column":55}},"loc":{"start":{"line":27,"column":62},"end":{"line":27,"column":86}},"line":27},"4":{"name":"(anonymous_4)","decl":{"start":{"line":45,"column":14},"end":{"line":45,"column":15}},"loc":{"start":{"line":45,"column":20},"end":{"line":45,"column":23}},"line":45}},"branchMap":{"0":{"loc":{"start":{"line":10,"column":12},"end":{"line":10,"column":56}},"type":"if","locations":[{"start":{"line":10,"column":12},"end":{"line":10,"column":56}},{"start":{"line":10,"column":12},"end":{"line":10,"column":56}}],"line":10},"1":{"loc":{"start":{"line":11,"column":12},"end":{"line":11,"column":70}},"type":"if","locations":[{"start":{"line":11,"column":12},"end":{"line":11,"column":70}},{"start":{"line":11,"column":12},"end":{"line":11,"column":70}}],"line":11},"2":{"loc":{"start":{"line":18,"column":12},"end":{"line":22,"column":13}},"type":"if","locations":[{"start":{"line":18,"column":12},"end":{"line":22,"column":13}},{"start":{"line":18,"column":12},"end":{"line":22,"column":13}}],"line":18},"3":{"loc":{"start":{"line":29,"column":12},"end":{"line":41,"column":13}},"type":"if","locations":[{"start":{"line":29,"column":12},"end":{"line":41,"column":13}},{"start":{"line":29,"column":12},"end":{"line":41,"column":13}}],"line":29}},"s":{"0":1,"1":1,"2":4,"3":4,"4":4,"5":4,"6":1,"7":3,"8":1,"9":2,"10":2,"11":1,"12":2,"13":1,"14":1,"15":2,"16":2,"17":1,"18":2,"19":1,"20":1,"21":1,"22":1,"23":2,"24":1},"f":{"0":4,"1":4,"2":1,"3":1,"4":2},"b":{"0":[1,3],"1":[1,2],"2":[1,1],"3":[1,1]},"_coverageSchema":"1a1c01bbd47fc00a2c39e90264f33305004495a9","hash":"bd33e71ac43cefe7405629b19212431b1fa14ae2","contentHash":"06f9a8b1cfbed4edeff05b74554365b9a0c589db48d4157ad0505ccae50ceaf1"}}